<?xml version="1.0" encoding="UTF-8"?>
<coverage generated="1488052394563" clover="3.2.0">
  <project timestamp="1488052394563" name="All files">
    <metrics statements="207" coveredstatements="59" conditionals="204" coveredconditionals="36" methods="81" coveredmethods="19" elements="492" coveredelements="114" complexity="0" loc="207" ncloc="207" packages="3" files="16" classes="16">
      <package name="src">
        <metrics statements="51" coveredstatements="9" conditionals="73" coveredconditionals="0" methods="25" coveredmethods="5"/>
        <file name="InfoWindow.jsx" path="/Users/zacrosenbauer/PhpstormProjects/MyProjects/terranova/src/InfoWindow.jsx">
          <metrics statements="15" coveredstatements="0" conditionals="55" coveredconditionals="0" methods="14" coveredmethods="0"/>
          <line num="1" count="0" type="stmt"/>
          <line num="22" count="0" type="stmt"/>
          <line num="23" count="0" type="stmt"/>
          <line num="26" count="0" type="stmt"/>
          <line num="33" count="0" type="stmt"/>
          <line num="50" count="0" type="stmt"/>
          <line num="51" count="0" type="stmt"/>
          <line num="68" count="0" type="stmt"/>
          <line num="73" count="0" type="stmt"/>
          <line num="77" count="0" type="stmt"/>
          <line num="78" count="0" type="stmt"/>
          <line num="86" count="0" type="stmt"/>
          <line num="88" count="0" type="stmt"/>
          <line num="90" count="0" type="stmt"/>
          <line num="105" count="0" type="stmt"/>
        </file>
        <file name="Inner.jsx" path="/Users/zacrosenbauer/PhpstormProjects/MyProjects/terranova/src/Inner.jsx">
          <metrics statements="8" coveredstatements="4" conditionals="0" coveredconditionals="0" methods="5" coveredmethods="3"/>
          <line num="15" count="2" type="stmt"/>
          <line num="80" count="0" type="stmt"/>
          <line num="83" count="0" type="stmt"/>
          <line num="86" count="0" type="stmt"/>
          <line num="91" count="1" type="stmt"/>
          <line num="101" count="1" type="stmt"/>
          <line num="105" count="0" type="stmt"/>
          <line num="109" count="1" type="stmt"/>
        </file>
        <file name="Outer.jsx" path="/Users/zacrosenbauer/PhpstormProjects/MyProjects/terranova/src/Outer.jsx">
          <metrics statements="5" coveredstatements="5" conditionals="0" coveredconditionals="0" methods="2" coveredmethods="2"/>
          <line num="11" count="4" type="stmt"/>
          <line num="22" count="1" type="stmt"/>
          <line num="28" count="4" type="stmt"/>
          <line num="37" count="1" type="stmt"/>
          <line num="39" count="1" type="stmt"/>
        </file>
        <file name="index.js" path="/Users/zacrosenbauer/PhpstormProjects/MyProjects/terranova/src/index.js">
          <metrics statements="23" coveredstatements="0" conditionals="18" coveredconditionals="0" methods="4" coveredmethods="0"/>
          <line num="1" count="0" type="stmt"/>
          <line num="2" count="0" type="stmt"/>
          <line num="3" count="0" type="stmt"/>
          <line num="4" count="0" type="stmt"/>
          <line num="5" count="0" type="stmt"/>
          <line num="10" count="0" type="stmt"/>
          <line num="11" count="0" type="stmt"/>
          <line num="14" count="0" type="stmt"/>
          <line num="17" count="0" type="stmt"/>
          <line num="18" count="0" type="stmt"/>
          <line num="19" count="0" type="stmt"/>
          <line num="22" count="0" type="stmt"/>
          <line num="23" count="0" type="stmt"/>
          <line num="24" count="0" type="stmt"/>
          <line num="25" count="0" type="stmt"/>
          <line num="26" count="0" type="stmt"/>
          <line num="27" count="0" type="stmt"/>
          <line num="28" count="0" type="stmt"/>
          <line num="29" count="0" type="stmt"/>
          <line num="32" count="0" type="stmt"/>
          <line num="33" count="0" type="stmt"/>
          <line num="35" count="0" type="stmt"/>
          <line num="38" count="0" type="stmt"/>
        </file>
      </package>
      <package name="src.google.maps">
        <metrics statements="32" coveredstatements="15" conditionals="35" coveredconditionals="16" methods="8" coveredmethods="0"/>
        <file name="Data.js" path="/Users/zacrosenbauer/PhpstormProjects/MyProjects/terranova/src/google/maps/Data.js">
          <metrics statements="5" coveredstatements="3" conditionals="4" coveredconditionals="3" methods="1" coveredmethods="0"/>
          <line num="11" count="5" type="stmt"/>
          <line num="13" count="5" type="stmt"/>
          <line num="14" count="5" type="stmt"/>
          <line num="16" count="0" type="stmt"/>
          <line num="17" count="0" type="stmt"/>
        </file>
        <file name="LatLng.js" path="/Users/zacrosenbauer/PhpstormProjects/MyProjects/terranova/src/google/maps/LatLng.js">
          <metrics statements="5" coveredstatements="3" conditionals="4" coveredconditionals="3" methods="1" coveredmethods="0"/>
          <line num="11" count="3" type="stmt"/>
          <line num="13" count="3" type="stmt"/>
          <line num="14" count="3" type="stmt"/>
          <line num="16" count="0" type="stmt"/>
          <line num="17" count="0" type="stmt"/>
        </file>
        <file name="LatLngBounds.js" path="/Users/zacrosenbauer/PhpstormProjects/MyProjects/terranova/src/google/maps/LatLngBounds.js">
          <metrics statements="5" coveredstatements="3" conditionals="4" coveredconditionals="3" methods="1" coveredmethods="0"/>
          <line num="11" count="3" type="stmt"/>
          <line num="13" count="3" type="stmt"/>
          <line num="14" count="3" type="stmt"/>
          <line num="16" count="0" type="stmt"/>
          <line num="17" count="0" type="stmt"/>
        </file>
        <file name="Map.js" path="/Users/zacrosenbauer/PhpstormProjects/MyProjects/terranova/src/google/maps/Map.js">
          <metrics statements="6" coveredstatements="3" conditionals="4" coveredconditionals="3" methods="1" coveredmethods="0"/>
          <line num="11" count="5" type="stmt"/>
          <line num="13" count="5" type="stmt"/>
          <line num="14" count="5" type="stmt"/>
          <line num="16" count="0" type="stmt"/>
          <line num="17" count="0" type="stmt"/>
          <line num="18" count="0" type="stmt"/>
        </file>
        <file name="Point.js" path="/Users/zacrosenbauer/PhpstormProjects/MyProjects/terranova/src/google/maps/Point.js">
          <metrics statements="7" coveredstatements="0" conditionals="14" coveredconditionals="0" methods="4" coveredmethods="0"/>
          <line num="1" count="0" type="stmt"/>
          <line num="11" count="0" type="stmt"/>
          <line num="13" count="0" type="stmt"/>
          <line num="14" count="0" type="stmt"/>
          <line num="16" count="0" type="stmt"/>
          <line num="17" count="0" type="stmt"/>
          <line num="19" count="0" type="stmt"/>
        </file>
        <file name="index.js" path="/Users/zacrosenbauer/PhpstormProjects/MyProjects/terranova/src/google/maps/index.js">
          <metrics statements="4" coveredstatements="3" conditionals="5" coveredconditionals="4" methods="0" coveredmethods="0"/>
          <line num="1" count="5" type="stmt"/>
          <line num="10" count="5" type="stmt"/>
          <line num="11" count="5" type="stmt"/>
          <line num="13" count="0" type="stmt"/>
        </file>
      </package>
      <package name="src.utils">
        <metrics statements="124" coveredstatements="35" conditionals="96" coveredconditionals="20" methods="48" coveredmethods="14"/>
        <file name="calculations.js" path="/Users/zacrosenbauer/PhpstormProjects/MyProjects/terranova/src/utils/calculations.js">
          <metrics statements="5" coveredstatements="0" conditionals="12" coveredconditionals="0" methods="6" coveredmethods="0"/>
          <line num="1" count="0" type="stmt"/>
          <line num="31" count="0" type="stmt"/>
          <line num="46" count="0" type="stmt"/>
          <line num="52" count="0" type="stmt"/>
          <line num="53" count="0" type="stmt"/>
        </file>
        <file name="events.js" path="/Users/zacrosenbauer/PhpstormProjects/MyProjects/terranova/src/utils/events.js">
          <metrics statements="4" coveredstatements="4" conditionals="0" coveredconditionals="0" methods="4" coveredmethods="4"/>
          <line num="20" count="2" type="stmt"/>
          <line num="28" count="1" type="stmt"/>
          <line num="40" count="2" type="stmt"/>
          <line num="49" count="1" type="stmt"/>
        </file>
        <file name="features.js" path="/Users/zacrosenbauer/PhpstormProjects/MyProjects/terranova/src/utils/features.js">
          <metrics statements="63" coveredstatements="9" conditionals="47" coveredconditionals="4" methods="21" coveredmethods="2"/>
          <line num="39" count="3" type="stmt"/>
          <line num="45" count="3" type="stmt"/>
          <line num="51" count="3" type="stmt"/>
          <line num="64" count="0" type="stmt"/>
          <line num="65" count="0" type="stmt"/>
          <line num="66" count="0" type="stmt"/>
          <line num="67" count="0" type="stmt"/>
          <line num="68" count="0" type="stmt"/>
          <line num="70" count="0" type="stmt"/>
          <line num="72" count="0" type="stmt"/>
          <line num="75" count="0" type="stmt"/>
          <line num="77" count="0" type="stmt"/>
          <line num="88" count="0" type="stmt"/>
          <line num="89" count="0" type="stmt"/>
          <line num="92" count="0" type="stmt"/>
          <line num="101" count="0" type="stmt"/>
          <line num="102" count="0" type="stmt"/>
          <line num="105" count="0" type="stmt"/>
          <line num="114" count="0" type="stmt"/>
          <line num="115" count="0" type="stmt"/>
          <line num="118" count="0" type="stmt"/>
          <line num="127" count="2" type="stmt"/>
          <line num="128" count="1" type="stmt"/>
          <line num="131" count="1" type="stmt"/>
          <line num="141" count="0" type="stmt"/>
          <line num="151" count="0" type="stmt"/>
          <line num="152" count="0" type="stmt"/>
          <line num="166" count="0" type="stmt"/>
          <line num="167" count="0" type="stmt"/>
          <line num="180" count="0" type="stmt"/>
          <line num="181" count="0" type="stmt"/>
          <line num="183" count="0" type="stmt"/>
          <line num="184" count="0" type="stmt"/>
          <line num="195" count="0" type="stmt"/>
          <line num="215" count="1" type="stmt"/>
          <line num="219" count="1" type="stmt"/>
          <line num="220" count="0" type="stmt"/>
          <line num="221" count="0" type="stmt"/>
          <line num="222" count="0" type="stmt"/>
          <line num="228" count="1" type="stmt"/>
          <line num="229" count="0" type="stmt"/>
          <line num="230" count="0" type="stmt"/>
          <line num="232" count="0" type="stmt"/>
          <line num="243" count="0" type="stmt"/>
          <line num="244" count="0" type="stmt"/>
          <line num="245" count="0" type="stmt"/>
          <line num="247" count="0" type="stmt"/>
          <line num="248" count="0" type="stmt"/>
          <line num="259" count="0" type="stmt"/>
          <line num="261" count="0" type="stmt"/>
          <line num="262" count="0" type="stmt"/>
          <line num="265" count="0" type="stmt"/>
          <line num="266" count="0" type="stmt"/>
          <line num="267" count="0" type="stmt"/>
          <line num="271" count="0" type="stmt"/>
          <line num="281" count="0" type="stmt"/>
          <line num="283" count="0" type="stmt"/>
          <line num="284" count="0" type="stmt"/>
          <line num="285" count="0" type="stmt"/>
          <line num="286" count="0" type="stmt"/>
          <line num="287" count="0" type="stmt"/>
          <line num="290" count="0" type="stmt"/>
          <line num="295" count="0" type="stmt"/>
        </file>
        <file name="general.js" path="/Users/zacrosenbauer/PhpstormProjects/MyProjects/terranova/src/utils/general.js">
          <metrics statements="2" coveredstatements="2" conditionals="2" coveredconditionals="2" methods="2" coveredmethods="2"/>
          <line num="13" count="17" type="stmt"/>
          <line num="21" count="1" type="stmt"/>
        </file>
        <file name="style.js" path="/Users/zacrosenbauer/PhpstormProjects/MyProjects/terranova/src/utils/style.js">
          <metrics statements="30" coveredstatements="0" conditionals="20" coveredconditionals="0" methods="9" coveredmethods="0"/>
          <line num="32" count="0" type="stmt"/>
          <line num="42" count="0" type="stmt"/>
          <line num="43" count="0" type="stmt"/>
          <line num="45" count="0" type="stmt"/>
          <line num="46" count="0" type="stmt"/>
          <line num="48" count="0" type="stmt"/>
          <line num="60" count="0" type="stmt"/>
          <line num="61" count="0" type="stmt"/>
          <line num="63" count="0" type="stmt"/>
          <line num="64" count="0" type="stmt"/>
          <line num="75" count="0" type="stmt"/>
          <line num="76" count="0" type="stmt"/>
          <line num="79" count="0" type="stmt"/>
          <line num="88" count="0" type="stmt"/>
          <line num="89" count="0" type="stmt"/>
          <line num="99" count="0" type="stmt"/>
          <line num="101" count="0" type="stmt"/>
          <line num="102" count="0" type="stmt"/>
          <line num="107" count="0" type="stmt"/>
          <line num="108" count="0" type="stmt"/>
          <line num="109" count="0" type="stmt"/>
          <line num="110" count="0" type="stmt"/>
          <line num="111" count="0" type="stmt"/>
          <line num="113" count="0" type="stmt"/>
          <line num="114" count="0" type="stmt"/>
          <line num="119" count="0" type="stmt"/>
          <line num="120" count="0" type="stmt"/>
          <line num="123" count="0" type="stmt"/>
          <line num="124" count="0" type="stmt"/>
          <line num="127" count="0" type="stmt"/>
        </file>
        <file name="terra.js" path="/Users/zacrosenbauer/PhpstormProjects/MyProjects/terranova/src/utils/terra.js">
          <metrics statements="20" coveredstatements="20" conditionals="15" coveredconditionals="14" methods="6" coveredmethods="6"/>
          <line num="48" count="5" type="stmt"/>
          <line num="68" count="5" type="stmt"/>
          <line num="79" count="17" type="stmt"/>
          <line num="90" count="5" type="stmt"/>
          <line num="91" count="3" type="stmt"/>
          <line num="94" count="2" type="stmt"/>
          <line num="102" count="4" type="stmt"/>
          <line num="103" count="3" type="stmt"/>
          <line num="106" count="1" type="stmt"/>
          <line num="114" count="4" type="stmt"/>
          <line num="115" count="2" type="stmt"/>
          <line num="118" count="2" type="stmt"/>
          <line num="133" count="15" type="stmt"/>
          <line num="134" count="1" type="stmt"/>
          <line num="137" count="14" type="stmt"/>
          <line num="139" count="14" type="stmt"/>
          <line num="140" count="14" type="stmt"/>
          <line num="145" count="14" type="stmt"/>
          <line num="155" count="15" type="stmt"/>
          <line num="156" count="14" type="stmt"/>
        </file>
      </package>
    </metrics>
  </project>
</coverage>
