<?xml version="1.0" encoding="UTF-8"?>
<coverage generated="1488051241908" clover="3.2.0">
  <project timestamp="1488051241908" name="All files">
    <metrics statements="205" coveredstatements="56" conditionals="195" coveredconditionals="34" methods="81" coveredmethods="18" elements="481" coveredelements="108" complexity="0" loc="205" ncloc="205" packages="3" files="16" classes="16">
      <package name="src">
        <metrics statements="51" coveredstatements="9" conditionals="73" coveredconditionals="0" methods="25" coveredmethods="5"/>
        <file name="InfoWindow.jsx" path="/Users/zacrosenbauer/PhpstormProjects/MyProjects/terranova/src/InfoWindow.jsx">
          <metrics statements="15" coveredstatements="0" conditionals="55" coveredconditionals="0" methods="14" coveredmethods="0"/>
          <line num="1" count="0" type="stmt"/>
          <line num="22" count="0" type="stmt"/>
          <line num="23" count="0" type="stmt"/>
          <line num="26" count="0" type="stmt"/>
          <line num="33" count="0" type="stmt"/>
          <line num="50" count="0" type="stmt"/>
          <line num="51" count="0" type="stmt"/>
          <line num="68" count="0" type="stmt"/>
          <line num="73" count="0" type="stmt"/>
          <line num="77" count="0" type="stmt"/>
          <line num="78" count="0" type="stmt"/>
          <line num="86" count="0" type="stmt"/>
          <line num="88" count="0" type="stmt"/>
          <line num="90" count="0" type="stmt"/>
          <line num="105" count="0" type="stmt"/>
        </file>
        <file name="Inner.jsx" path="/Users/zacrosenbauer/PhpstormProjects/MyProjects/terranova/src/Inner.jsx">
          <metrics statements="8" coveredstatements="4" conditionals="0" coveredconditionals="0" methods="5" coveredmethods="3"/>
          <line num="15" count="2" type="stmt"/>
          <line num="80" count="0" type="stmt"/>
          <line num="83" count="0" type="stmt"/>
          <line num="86" count="0" type="stmt"/>
          <line num="91" count="1" type="stmt"/>
          <line num="101" count="1" type="stmt"/>
          <line num="105" count="0" type="stmt"/>
          <line num="109" count="1" type="stmt"/>
        </file>
        <file name="Outer.jsx" path="/Users/zacrosenbauer/PhpstormProjects/MyProjects/terranova/src/Outer.jsx">
          <metrics statements="5" coveredstatements="5" conditionals="0" coveredconditionals="0" methods="2" coveredmethods="2"/>
          <line num="11" count="4" type="stmt"/>
          <line num="22" count="1" type="stmt"/>
          <line num="28" count="4" type="stmt"/>
          <line num="37" count="1" type="stmt"/>
          <line num="39" count="1" type="stmt"/>
        </file>
        <file name="index.js" path="/Users/zacrosenbauer/PhpstormProjects/MyProjects/terranova/src/index.js">
          <metrics statements="23" coveredstatements="0" conditionals="18" coveredconditionals="0" methods="4" coveredmethods="0"/>
          <line num="1" count="0" type="stmt"/>
          <line num="2" count="0" type="stmt"/>
          <line num="3" count="0" type="stmt"/>
          <line num="4" count="0" type="stmt"/>
          <line num="5" count="0" type="stmt"/>
          <line num="10" count="0" type="stmt"/>
          <line num="11" count="0" type="stmt"/>
          <line num="14" count="0" type="stmt"/>
          <line num="17" count="0" type="stmt"/>
          <line num="18" count="0" type="stmt"/>
          <line num="19" count="0" type="stmt"/>
          <line num="22" count="0" type="stmt"/>
          <line num="23" count="0" type="stmt"/>
          <line num="24" count="0" type="stmt"/>
          <line num="25" count="0" type="stmt"/>
          <line num="26" count="0" type="stmt"/>
          <line num="27" count="0" type="stmt"/>
          <line num="28" count="0" type="stmt"/>
          <line num="29" count="0" type="stmt"/>
          <line num="32" count="0" type="stmt"/>
          <line num="33" count="0" type="stmt"/>
          <line num="35" count="0" type="stmt"/>
          <line num="38" count="0" type="stmt"/>
        </file>
      </package>
      <package name="src.google.maps">
        <metrics statements="32" coveredstatements="15" conditionals="35" coveredconditionals="16" methods="8" coveredmethods="0"/>
        <file name="Data.js" path="/Users/zacrosenbauer/PhpstormProjects/MyProjects/terranova/src/google/maps/Data.js">
          <metrics statements="5" coveredstatements="3" conditionals="4" coveredconditionals="3" methods="1" coveredmethods="0"/>
          <line num="11" count="4" type="stmt"/>
          <line num="13" count="4" type="stmt"/>
          <line num="14" count="4" type="stmt"/>
          <line num="16" count="0" type="stmt"/>
          <line num="17" count="0" type="stmt"/>
        </file>
        <file name="LatLng.js" path="/Users/zacrosenbauer/PhpstormProjects/MyProjects/terranova/src/google/maps/LatLng.js">
          <metrics statements="5" coveredstatements="3" conditionals="4" coveredconditionals="3" methods="1" coveredmethods="0"/>
          <line num="11" count="2" type="stmt"/>
          <line num="13" count="2" type="stmt"/>
          <line num="14" count="2" type="stmt"/>
          <line num="16" count="0" type="stmt"/>
          <line num="17" count="0" type="stmt"/>
        </file>
        <file name="LatLngBounds.js" path="/Users/zacrosenbauer/PhpstormProjects/MyProjects/terranova/src/google/maps/LatLngBounds.js">
          <metrics statements="5" coveredstatements="3" conditionals="4" coveredconditionals="3" methods="1" coveredmethods="0"/>
          <line num="11" count="2" type="stmt"/>
          <line num="13" count="2" type="stmt"/>
          <line num="14" count="2" type="stmt"/>
          <line num="16" count="0" type="stmt"/>
          <line num="17" count="0" type="stmt"/>
        </file>
        <file name="Map.js" path="/Users/zacrosenbauer/PhpstormProjects/MyProjects/terranova/src/google/maps/Map.js">
          <metrics statements="6" coveredstatements="3" conditionals="4" coveredconditionals="3" methods="1" coveredmethods="0"/>
          <line num="11" count="4" type="stmt"/>
          <line num="13" count="4" type="stmt"/>
          <line num="14" count="4" type="stmt"/>
          <line num="16" count="0" type="stmt"/>
          <line num="17" count="0" type="stmt"/>
          <line num="18" count="0" type="stmt"/>
        </file>
        <file name="Point.js" path="/Users/zacrosenbauer/PhpstormProjects/MyProjects/terranova/src/google/maps/Point.js">
          <metrics statements="7" coveredstatements="0" conditionals="14" coveredconditionals="0" methods="4" coveredmethods="0"/>
          <line num="1" count="0" type="stmt"/>
          <line num="11" count="0" type="stmt"/>
          <line num="13" count="0" type="stmt"/>
          <line num="14" count="0" type="stmt"/>
          <line num="16" count="0" type="stmt"/>
          <line num="17" count="0" type="stmt"/>
          <line num="19" count="0" type="stmt"/>
        </file>
        <file name="index.js" path="/Users/zacrosenbauer/PhpstormProjects/MyProjects/terranova/src/google/maps/index.js">
          <metrics statements="4" coveredstatements="3" conditionals="5" coveredconditionals="4" methods="0" coveredmethods="0"/>
          <line num="1" count="4" type="stmt"/>
          <line num="10" count="4" type="stmt"/>
          <line num="11" count="4" type="stmt"/>
          <line num="13" count="0" type="stmt"/>
        </file>
      </package>
      <package name="src.utils">
        <metrics statements="122" coveredstatements="32" conditionals="87" coveredconditionals="18" methods="48" coveredmethods="13"/>
        <file name="calculations.js" path="/Users/zacrosenbauer/PhpstormProjects/MyProjects/terranova/src/utils/calculations.js">
          <metrics statements="5" coveredstatements="0" conditionals="12" coveredconditionals="0" methods="6" coveredmethods="0"/>
          <line num="1" count="0" type="stmt"/>
          <line num="31" count="0" type="stmt"/>
          <line num="46" count="0" type="stmt"/>
          <line num="52" count="0" type="stmt"/>
          <line num="53" count="0" type="stmt"/>
        </file>
        <file name="events.js" path="/Users/zacrosenbauer/PhpstormProjects/MyProjects/terranova/src/utils/events.js">
          <metrics statements="4" coveredstatements="4" conditionals="0" coveredconditionals="0" methods="4" coveredmethods="4"/>
          <line num="20" count="2" type="stmt"/>
          <line num="28" count="1" type="stmt"/>
          <line num="40" count="2" type="stmt"/>
          <line num="49" count="1" type="stmt"/>
        </file>
        <file name="features.js" path="/Users/zacrosenbauer/PhpstormProjects/MyProjects/terranova/src/utils/features.js">
          <metrics statements="61" coveredstatements="6" conditionals="38" coveredconditionals="2" methods="21" coveredmethods="1"/>
          <line num="39" count="2" type="stmt"/>
          <line num="45" count="2" type="stmt"/>
          <line num="51" count="2" type="stmt"/>
          <line num="64" count="0" type="stmt"/>
          <line num="65" count="0" type="stmt"/>
          <line num="66" count="0" type="stmt"/>
          <line num="67" count="0" type="stmt"/>
          <line num="68" count="0" type="stmt"/>
          <line num="71" count="0" type="stmt"/>
          <line num="74" count="0" type="stmt"/>
          <line num="84" count="0" type="stmt"/>
          <line num="85" count="0" type="stmt"/>
          <line num="88" count="0" type="stmt"/>
          <line num="97" count="0" type="stmt"/>
          <line num="98" count="0" type="stmt"/>
          <line num="101" count="0" type="stmt"/>
          <line num="110" count="0" type="stmt"/>
          <line num="111" count="0" type="stmt"/>
          <line num="114" count="0" type="stmt"/>
          <line num="123" count="0" type="stmt"/>
          <line num="124" count="0" type="stmt"/>
          <line num="127" count="0" type="stmt"/>
          <line num="137" count="0" type="stmt"/>
          <line num="147" count="0" type="stmt"/>
          <line num="148" count="0" type="stmt"/>
          <line num="162" count="0" type="stmt"/>
          <line num="163" count="0" type="stmt"/>
          <line num="176" count="0" type="stmt"/>
          <line num="177" count="0" type="stmt"/>
          <line num="179" count="0" type="stmt"/>
          <line num="180" count="0" type="stmt"/>
          <line num="191" count="0" type="stmt"/>
          <line num="211" count="1" type="stmt"/>
          <line num="215" count="1" type="stmt"/>
          <line num="216" count="0" type="stmt"/>
          <line num="217" count="0" type="stmt"/>
          <line num="218" count="0" type="stmt"/>
          <line num="224" count="1" type="stmt"/>
          <line num="225" count="0" type="stmt"/>
          <line num="226" count="0" type="stmt"/>
          <line num="228" count="0" type="stmt"/>
          <line num="239" count="0" type="stmt"/>
          <line num="240" count="0" type="stmt"/>
          <line num="241" count="0" type="stmt"/>
          <line num="243" count="0" type="stmt"/>
          <line num="244" count="0" type="stmt"/>
          <line num="255" count="0" type="stmt"/>
          <line num="257" count="0" type="stmt"/>
          <line num="258" count="0" type="stmt"/>
          <line num="261" count="0" type="stmt"/>
          <line num="262" count="0" type="stmt"/>
          <line num="263" count="0" type="stmt"/>
          <line num="267" count="0" type="stmt"/>
          <line num="277" count="0" type="stmt"/>
          <line num="279" count="0" type="stmt"/>
          <line num="280" count="0" type="stmt"/>
          <line num="281" count="0" type="stmt"/>
          <line num="282" count="0" type="stmt"/>
          <line num="283" count="0" type="stmt"/>
          <line num="286" count="0" type="stmt"/>
          <line num="291" count="0" type="stmt"/>
        </file>
        <file name="general.js" path="/Users/zacrosenbauer/PhpstormProjects/MyProjects/terranova/src/utils/general.js">
          <metrics statements="2" coveredstatements="2" conditionals="2" coveredconditionals="2" methods="2" coveredmethods="2"/>
          <line num="13" count="13" type="stmt"/>
          <line num="21" count="1" type="stmt"/>
        </file>
        <file name="style.js" path="/Users/zacrosenbauer/PhpstormProjects/MyProjects/terranova/src/utils/style.js">
          <metrics statements="30" coveredstatements="0" conditionals="20" coveredconditionals="0" methods="9" coveredmethods="0"/>
          <line num="32" count="0" type="stmt"/>
          <line num="42" count="0" type="stmt"/>
          <line num="43" count="0" type="stmt"/>
          <line num="45" count="0" type="stmt"/>
          <line num="46" count="0" type="stmt"/>
          <line num="48" count="0" type="stmt"/>
          <line num="60" count="0" type="stmt"/>
          <line num="61" count="0" type="stmt"/>
          <line num="63" count="0" type="stmt"/>
          <line num="64" count="0" type="stmt"/>
          <line num="75" count="0" type="stmt"/>
          <line num="76" count="0" type="stmt"/>
          <line num="79" count="0" type="stmt"/>
          <line num="88" count="0" type="stmt"/>
          <line num="89" count="0" type="stmt"/>
          <line num="99" count="0" type="stmt"/>
          <line num="101" count="0" type="stmt"/>
          <line num="102" count="0" type="stmt"/>
          <line num="107" count="0" type="stmt"/>
          <line num="108" count="0" type="stmt"/>
          <line num="109" count="0" type="stmt"/>
          <line num="110" count="0" type="stmt"/>
          <line num="111" count="0" type="stmt"/>
          <line num="113" count="0" type="stmt"/>
          <line num="114" count="0" type="stmt"/>
          <line num="119" count="0" type="stmt"/>
          <line num="120" count="0" type="stmt"/>
          <line num="123" count="0" type="stmt"/>
          <line num="124" count="0" type="stmt"/>
          <line num="127" count="0" type="stmt"/>
        </file>
        <file name="terra.js" path="/Users/zacrosenbauer/PhpstormProjects/MyProjects/terranova/src/utils/terra.js">
          <metrics statements="20" coveredstatements="20" conditionals="15" coveredconditionals="14" methods="6" coveredmethods="6"/>
          <line num="48" count="4" type="stmt"/>
          <line num="68" count="4" type="stmt"/>
          <line num="79" count="14" type="stmt"/>
          <line num="90" count="5" type="stmt"/>
          <line num="91" count="3" type="stmt"/>
          <line num="94" count="2" type="stmt"/>
          <line num="102" count="4" type="stmt"/>
          <line num="103" count="3" type="stmt"/>
          <line num="106" count="1" type="stmt"/>
          <line num="114" count="3" type="stmt"/>
          <line num="115" count="2" type="stmt"/>
          <line num="118" count="1" type="stmt"/>
          <line num="133" count="13" type="stmt"/>
          <line num="134" count="1" type="stmt"/>
          <line num="137" count="12" type="stmt"/>
          <line num="139" count="12" type="stmt"/>
          <line num="140" count="12" type="stmt"/>
          <line num="145" count="12" type="stmt"/>
          <line num="155" count="13" type="stmt"/>
          <line num="156" count="12" type="stmt"/>
        </file>
      </package>
    </metrics>
  </project>
</coverage>
