{"/Users/zacrosenbauer/PhpstormProjects/MyProjects/terranova/src/InfoWindow.jsx": {"path":"/Users/zacrosenbauer/PhpstormProjects/MyProjects/terranova/src/InfoWindow.jsx","statementMap":{"0":{"start":{"line":22,"column":2},"end":{"line":24,"column":3}},"1":{"start":{"line":23,"column":4},"end":{"line":23,"column":16}},"2":{"start":{"line":26,"column":2},"end":{"line":26,"column":45}},"3":{"start":{"line":51,"column":4},"end":{"line":51,"column":17}},"4":{"start":{"line":53,"column":4},"end":{"line":58,"column":5}},"5":{"start":{"line":54,"column":6},"end":{"line":57,"column":8}},"6":{"start":{"line":60,"column":4},"end":{"line":65,"column":5}},"7":{"start":{"line":61,"column":6},"end":{"line":64,"column":8}},"8":{"start":{"line":77,"column":4},"end":{"line":79,"column":5}},"9":{"start":{"line":78,"column":6},"end":{"line":78,"column":18}},"10":{"start":{"line":86,"column":8},"end":{"line":86,"column":18}},"11":{"start":{"line":88,"column":32},"end":{"line":88,"column":80}},"12":{"start":{"line":90,"column":4},"end":{"line":104,"column":6}}},"fnMap":{"0":{"name":"getInfoWindowByFeature","decl":{"start":{"line":21,"column":9},"end":{"line":21,"column":31}},"loc":{"start":{"line":21,"column":53},"end":{"line":27,"column":1}}},"1":{"name":"(anonymous_1)","decl":{"start":{"line":50,"column":2},"end":{"line":50,"column":3}},"loc":{"start":{"line":50,"column":21},"end":{"line":66,"column":3}}},"2":{"name":"(anonymous_2)","decl":{"start":{"line":76,"column":2},"end":{"line":76,"column":3}},"loc":{"start":{"line":76,"column":11},"end":{"line":105,"column":3}}}},"branchMap":{"0":{"loc":{"start":{"line":22,"column":2},"end":{"line":24,"column":3}},"type":"if","locations":[{"start":{"line":22,"column":2},"end":{"line":24,"column":3}},{"start":{"line":22,"column":2},"end":{"line":24,"column":3}}]},"1":{"loc":{"start":{"line":53,"column":4},"end":{"line":58,"column":5}},"type":"if","locations":[{"start":{"line":53,"column":4},"end":{"line":58,"column":5}},{"start":{"line":53,"column":4},"end":{"line":58,"column":5}}]},"2":{"loc":{"start":{"line":60,"column":4},"end":{"line":65,"column":5}},"type":"if","locations":[{"start":{"line":60,"column":4},"end":{"line":65,"column":5}},{"start":{"line":60,"column":4},"end":{"line":65,"column":5}}]},"3":{"loc":{"start":{"line":77,"column":4},"end":{"line":79,"column":5}},"type":"if","locations":[{"start":{"line":77,"column":4},"end":{"line":79,"column":5}},{"start":{"line":77,"column":4},"end":{"line":79,"column":5}}]},"4":{"loc":{"start":{"line":93,"column":19},"end":{"line":93,"column":42}},"type":"cond-expr","locations":[{"start":{"line":93,"column":26},"end":{"line":93,"column":33}},{"start":{"line":93,"column":36},"end":{"line":93,"column":42}}]},"5":{"loc":{"start":{"line":100,"column":9},"end":{"line":102,"column":9}},"type":"binary-expr","locations":[{"start":{"line":100,"column":9},"end":{"line":100,"column":16}},{"start":{"line":101,"column":10},"end":{"line":101,"column":68}}]}},"s":{"0":2,"1":1,"2":1,"3":4,"4":4,"5":2,"6":4,"7":1,"8":4,"9":2,"10":2,"11":2,"12":2},"f":{"0":2,"1":4,"2":4},"b":{"0":[1,1],"1":[2,2],"2":[1,3],"3":[2,2],"4":[0,2],"5":[2,1]},"_coverageSchema":"332fd63041d2c1bcb487cc26dd0d5f7d97098a6c","hash":"f0947114074fc6281706ed4dee0690f9f1635bd9"}
,"/Users/zacrosenbauer/PhpstormProjects/MyProjects/terranova/src/Inner.jsx": {"path":"/Users/zacrosenbauer/PhpstormProjects/MyProjects/terranova/src/Inner.jsx","statementMap":{"0":{"start":{"line":15,"column":20},"end":{"line":21,"column":1}},"1":{"start":{"line":80,"column":8},"end":{"line":80,"column":18}},"2":{"start":{"line":83,"column":4},"end":{"line":83,"column":54}},"3":{"start":{"line":86,"column":4},"end":{"line":86,"column":30}},"4":{"start":{"line":91,"column":4},"end":{"line":91,"column":54}},"5":{"start":{"line":101,"column":4},"end":{"line":101,"column":17}},"6":{"start":{"line":105,"column":4},"end":{"line":105,"column":32}},"7":{"start":{"line":109,"column":4},"end":{"line":114,"column":6}}},"fnMap":{"0":{"name":"(anonymous_0)","decl":{"start":{"line":73,"column":2},"end":{"line":73,"column":3}},"loc":{"start":{"line":73,"column":22},"end":{"line":87,"column":3}}},"1":{"name":"(anonymous_1)","decl":{"start":{"line":89,"column":2},"end":{"line":89,"column":3}},"loc":{"start":{"line":89,"column":39},"end":{"line":92,"column":3}}},"2":{"name":"(anonymous_2)","decl":{"start":{"line":100,"column":2},"end":{"line":100,"column":3}},"loc":{"start":{"line":100,"column":26},"end":{"line":102,"column":3}}},"3":{"name":"(anonymous_3)","decl":{"start":{"line":104,"column":2},"end":{"line":104,"column":3}},"loc":{"start":{"line":104,"column":25},"end":{"line":106,"column":3}}},"4":{"name":"(anonymous_4)","decl":{"start":{"line":108,"column":2},"end":{"line":108,"column":3}},"loc":{"start":{"line":108,"column":11},"end":{"line":115,"column":3}}}},"branchMap":{},"s":{"0":3,"1":0,"2":0,"3":0,"4":1,"5":1,"6":0,"7":1},"f":{"0":0,"1":1,"2":1,"3":0,"4":1},"b":{},"_coverageSchema":"332fd63041d2c1bcb487cc26dd0d5f7d97098a6c","hash":"b818e449ed5a5c7a548d12457be6ac84d6fa343e"}
,"/Users/zacrosenbauer/PhpstormProjects/MyProjects/terranova/src/Outer.jsx": {"path":"/Users/zacrosenbauer/PhpstormProjects/MyProjects/terranova/src/Outer.jsx","statementMap":{"0":{"start":{"line":11,"column":2},"end":{"line":15,"column":4}},"1":{"start":{"line":22,"column":14},"end":{"line":35,"column":1}},"2":{"start":{"line":28,"column":2},"end":{"line":34,"column":8}},"3":{"start":{"line":37,"column":0},"end":{"line":37,"column":34}},"4":{"start":{"line":39,"column":0},"end":{"line":43,"column":2}}},"fnMap":{"0":{"name":"getOuterStyles","decl":{"start":{"line":10,"column":9},"end":{"line":10,"column":23}},"loc":{"start":{"line":10,"column":39},"end":{"line":16,"column":1}}},"1":{"name":"(anonymous_1)","decl":{"start":{"line":22,"column":14},"end":{"line":22,"column":15}},"loc":{"start":{"line":28,"column":2},"end":{"line":34,"column":8}}}},"branchMap":{},"s":{"0":4,"1":2,"2":4,"3":2,"4":2},"f":{"0":4,"1":4},"b":{},"_coverageSchema":"332fd63041d2c1bcb487cc26dd0d5f7d97098a6c","hash":"279b1fceb2662972ce3d323be92d474a98c80b9a"}
,"/Users/zacrosenbauer/PhpstormProjects/MyProjects/terranova/src/index.js": {"path":"/Users/zacrosenbauer/PhpstormProjects/MyProjects/terranova/src/index.js","statementMap":{"0":{"start":{"line":10,"column":26},"end":{"line":10,"column":42}},"1":{"start":{"line":11,"column":27},"end":{"line":11,"column":44}},"2":{"start":{"line":14,"column":29},"end":{"line":14,"column":47}},"3":{"start":{"line":17,"column":33},"end":{"line":17,"column":56}},"4":{"start":{"line":18,"column":36},"end":{"line":18,"column":62}},"5":{"start":{"line":19,"column":36},"end":{"line":19,"column":62}},"6":{"start":{"line":22,"column":32},"end":{"line":22,"column":57}},"7":{"start":{"line":23,"column":31},"end":{"line":23,"column":55}},"8":{"start":{"line":24,"column":31},"end":{"line":24,"column":55}},"9":{"start":{"line":25,"column":30},"end":{"line":25,"column":53}},"10":{"start":{"line":26,"column":30},"end":{"line":26,"column":53}},"11":{"start":{"line":27,"column":33},"end":{"line":27,"column":59}},"12":{"start":{"line":28,"column":36},"end":{"line":28,"column":65}},"13":{"start":{"line":29,"column":30},"end":{"line":29,"column":53}},"14":{"start":{"line":32,"column":33},"end":{"line":32,"column":57}},"15":{"start":{"line":33,"column":19},"end":{"line":33,"column":29}},"16":{"start":{"line":35,"column":26},"end":{"line":35,"column":45}}},"fnMap":{},"branchMap":{},"s":{"0":1,"1":1,"2":1,"3":1,"4":1,"5":1,"6":1,"7":1,"8":1,"9":1,"10":1,"11":1,"12":1,"13":1,"14":1,"15":1,"16":1},"f":{},"b":{},"_coverageSchema":"332fd63041d2c1bcb487cc26dd0d5f7d97098a6c","hash":"635b7c252fdc9dad5ce7790e28200fb9e40e8181"}
,"/Users/zacrosenbauer/PhpstormProjects/MyProjects/terranova/src/google/maps/Data.js": {"path":"/Users/zacrosenbauer/PhpstormProjects/MyProjects/terranova/src/google/maps/Data.js","statementMap":{"0":{"start":{"line":11,"column":11},"end":{"line":11,"column":15}},"1":{"start":{"line":13,"column":0},"end":{"line":19,"column":1}},"2":{"start":{"line":14,"column":2},"end":{"line":14,"column":19}},"3":{"start":{"line":16,"column":2},"end":{"line":18,"column":4}},"4":{"start":{"line":17,"column":4},"end":{"line":17,"column":93}}},"fnMap":{"0":{"name":"(anonymous_0)","decl":{"start":{"line":16,"column":9},"end":{"line":16,"column":10}},"loc":{"start":{"line":16,"column":20},"end":{"line":18,"column":3}}}},"branchMap":{"0":{"loc":{"start":{"line":13,"column":0},"end":{"line":19,"column":1}},"type":"if","locations":[{"start":{"line":13,"column":0},"end":{"line":19,"column":1}},{"start":{"line":13,"column":0},"end":{"line":19,"column":1}}]},"1":{"loc":{"start":{"line":13,"column":4},"end":{"line":13,"column":27}},"type":"binary-expr","locations":[{"start":{"line":13,"column":4},"end":{"line":13,"column":14}},{"start":{"line":13,"column":18},"end":{"line":13,"column":27}}]}},"s":{"0":9,"1":9,"2":9,"3":0,"4":0},"f":{"0":0},"b":{"0":[9,0],"1":[9,9]},"_coverageSchema":"332fd63041d2c1bcb487cc26dd0d5f7d97098a6c","hash":"1ddd20296877b33d42fd1d67c3030ac658d2ab31"}
,"/Users/zacrosenbauer/PhpstormProjects/MyProjects/terranova/src/google/maps/LatLng.js": {"path":"/Users/zacrosenbauer/PhpstormProjects/MyProjects/terranova/src/google/maps/LatLng.js","statementMap":{"0":{"start":{"line":11,"column":13},"end":{"line":11,"column":17}},"1":{"start":{"line":13,"column":0},"end":{"line":19,"column":1}},"2":{"start":{"line":14,"column":2},"end":{"line":14,"column":23}},"3":{"start":{"line":16,"column":2},"end":{"line":18,"column":4}},"4":{"start":{"line":17,"column":4},"end":{"line":17,"column":95}}},"fnMap":{"0":{"name":"(anonymous_0)","decl":{"start":{"line":16,"column":11},"end":{"line":16,"column":12}},"loc":{"start":{"line":16,"column":22},"end":{"line":18,"column":3}}}},"branchMap":{"0":{"loc":{"start":{"line":13,"column":0},"end":{"line":19,"column":1}},"type":"if","locations":[{"start":{"line":13,"column":0},"end":{"line":19,"column":1}},{"start":{"line":13,"column":0},"end":{"line":19,"column":1}}]},"1":{"loc":{"start":{"line":13,"column":4},"end":{"line":13,"column":29}},"type":"binary-expr","locations":[{"start":{"line":13,"column":4},"end":{"line":13,"column":14}},{"start":{"line":13,"column":18},"end":{"line":13,"column":29}}]}},"s":{"0":6,"1":6,"2":6,"3":0,"4":0},"f":{"0":0},"b":{"0":[6,0],"1":[6,6]},"_coverageSchema":"332fd63041d2c1bcb487cc26dd0d5f7d97098a6c","hash":"f0e4a161cecc7bed28fdce5c2275670af978bee2"}
,"/Users/zacrosenbauer/PhpstormProjects/MyProjects/terranova/src/google/maps/LatLngBounds.js": {"path":"/Users/zacrosenbauer/PhpstormProjects/MyProjects/terranova/src/google/maps/LatLngBounds.js","statementMap":{"0":{"start":{"line":11,"column":13},"end":{"line":11,"column":17}},"1":{"start":{"line":13,"column":0},"end":{"line":19,"column":1}},"2":{"start":{"line":14,"column":2},"end":{"line":14,"column":29}},"3":{"start":{"line":16,"column":2},"end":{"line":18,"column":4}},"4":{"start":{"line":17,"column":4},"end":{"line":17,"column":101}}},"fnMap":{"0":{"name":"(anonymous_0)","decl":{"start":{"line":16,"column":11},"end":{"line":16,"column":12}},"loc":{"start":{"line":16,"column":22},"end":{"line":18,"column":3}}}},"branchMap":{"0":{"loc":{"start":{"line":13,"column":0},"end":{"line":19,"column":1}},"type":"if","locations":[{"start":{"line":13,"column":0},"end":{"line":19,"column":1}},{"start":{"line":13,"column":0},"end":{"line":19,"column":1}}]},"1":{"loc":{"start":{"line":13,"column":4},"end":{"line":13,"column":35}},"type":"binary-expr","locations":[{"start":{"line":13,"column":4},"end":{"line":13,"column":14}},{"start":{"line":13,"column":18},"end":{"line":13,"column":35}}]}},"s":{"0":6,"1":6,"2":6,"3":0,"4":0},"f":{"0":0},"b":{"0":[6,0],"1":[6,6]},"_coverageSchema":"332fd63041d2c1bcb487cc26dd0d5f7d97098a6c","hash":"6e0d16a165b5ed5dfdd03747547a14c4ad81b6eb"}
,"/Users/zacrosenbauer/PhpstormProjects/MyProjects/terranova/src/google/maps/Map.js": {"path":"/Users/zacrosenbauer/PhpstormProjects/MyProjects/terranova/src/google/maps/Map.js","statementMap":{"0":{"start":{"line":11,"column":10},"end":{"line":11,"column":14}},"1":{"start":{"line":13,"column":0},"end":{"line":20,"column":1}},"2":{"start":{"line":14,"column":2},"end":{"line":14,"column":17}},"3":{"start":{"line":16,"column":2},"end":{"line":19,"column":4}},"4":{"start":{"line":17,"column":4},"end":{"line":17,"column":34}},"5":{"start":{"line":18,"column":4},"end":{"line":18,"column":92}}},"fnMap":{"0":{"name":"(anonymous_0)","decl":{"start":{"line":16,"column":8},"end":{"line":16,"column":9}},"loc":{"start":{"line":16,"column":19},"end":{"line":19,"column":3}}}},"branchMap":{"0":{"loc":{"start":{"line":13,"column":0},"end":{"line":20,"column":1}},"type":"if","locations":[{"start":{"line":13,"column":0},"end":{"line":20,"column":1}},{"start":{"line":13,"column":0},"end":{"line":20,"column":1}}]},"1":{"loc":{"start":{"line":13,"column":4},"end":{"line":13,"column":26}},"type":"binary-expr","locations":[{"start":{"line":13,"column":4},"end":{"line":13,"column":14}},{"start":{"line":13,"column":18},"end":{"line":13,"column":26}}]}},"s":{"0":9,"1":9,"2":9,"3":0,"4":0,"5":0},"f":{"0":0},"b":{"0":[9,0],"1":[9,9]},"_coverageSchema":"332fd63041d2c1bcb487cc26dd0d5f7d97098a6c","hash":"3159ee607ff3416b1d0c497f80fdb09e18d85c01"}
,"/Users/zacrosenbauer/PhpstormProjects/MyProjects/terranova/src/google/maps/Point.js": {"path":"/Users/zacrosenbauer/PhpstormProjects/MyProjects/terranova/src/google/maps/Point.js","statementMap":{"0":{"start":{"line":11,"column":12},"end":{"line":11,"column":16}},"1":{"start":{"line":13,"column":0},"end":{"line":19,"column":1}},"2":{"start":{"line":14,"column":2},"end":{"line":14,"column":21}},"3":{"start":{"line":16,"column":2},"end":{"line":18,"column":4}},"4":{"start":{"line":17,"column":4},"end":{"line":17,"column":94}}},"fnMap":{"0":{"name":"(anonymous_0)","decl":{"start":{"line":16,"column":10},"end":{"line":16,"column":11}},"loc":{"start":{"line":16,"column":21},"end":{"line":18,"column":3}}}},"branchMap":{"0":{"loc":{"start":{"line":13,"column":0},"end":{"line":19,"column":1}},"type":"if","locations":[{"start":{"line":13,"column":0},"end":{"line":19,"column":1}},{"start":{"line":13,"column":0},"end":{"line":19,"column":1}}]},"1":{"loc":{"start":{"line":13,"column":4},"end":{"line":13,"column":28}},"type":"binary-expr","locations":[{"start":{"line":13,"column":4},"end":{"line":13,"column":14}},{"start":{"line":13,"column":18},"end":{"line":13,"column":28}}]}},"s":{"0":2,"1":2,"2":2,"3":0,"4":0},"f":{"0":0},"b":{"0":[2,0],"1":[2,2]},"_coverageSchema":"332fd63041d2c1bcb487cc26dd0d5f7d97098a6c","hash":"c625d525afd1647163332a2dfae77b3ad40c2698"}
,"/Users/zacrosenbauer/PhpstormProjects/MyProjects/terranova/src/google/maps/index.js": {"path":"/Users/zacrosenbauer/PhpstormProjects/MyProjects/terranova/src/google/maps/index.js","statementMap":{"0":{"start":{"line":1,"column":11},"end":{"line":1,"column":15}},"1":{"start":{"line":10,"column":0},"end":{"line":14,"column":1}},"2":{"start":{"line":11,"column":2},"end":{"line":11,"column":28}},"3":{"start":{"line":13,"column":2},"end":{"line":13,"column":12}}},"fnMap":{},"branchMap":{"0":{"loc":{"start":{"line":10,"column":0},"end":{"line":14,"column":1}},"type":"if","locations":[{"start":{"line":10,"column":0},"end":{"line":14,"column":1}},{"start":{"line":10,"column":0},"end":{"line":14,"column":1}}]},"1":{"loc":{"start":{"line":10,"column":4},"end":{"line":10,"column":72}},"type":"binary-expr","locations":[{"start":{"line":10,"column":4},"end":{"line":10,"column":33}},{"start":{"line":10,"column":37},"end":{"line":10,"column":50}},{"start":{"line":10,"column":54},"end":{"line":10,"column":72}}]}},"s":{"0":9,"1":9,"2":9,"3":0},"f":{},"b":{"0":[9,0],"1":[9,9,9]},"_coverageSchema":"332fd63041d2c1bcb487cc26dd0d5f7d97098a6c","hash":"3b4b7c004e5e873bd38ef5a4f8d9a945bfe37ab1"}
,"/Users/zacrosenbauer/PhpstormProjects/MyProjects/terranova/src/utils/calculations.js": {"path":"/Users/zacrosenbauer/PhpstormProjects/MyProjects/terranova/src/utils/calculations.js","statementMap":{"0":{"start":{"line":23,"column":2},"end":{"line":23,"column":76}},"1":{"start":{"line":34,"column":21},"end":{"line":34,"column":40}},"2":{"start":{"line":35,"column":17},"end":{"line":35,"column":32}},"3":{"start":{"line":36,"column":16},"end":{"line":36,"column":42}},"4":{"start":{"line":37,"column":20},"end":{"line":40,"column":3}},"5":{"start":{"line":41,"column":16},"end":{"line":41,"column":52}},"6":{"start":{"line":43,"column":2},"end":{"line":43,"column":72}}},"fnMap":{"0":{"name":"calculatePointWithScale","decl":{"start":{"line":22,"column":9},"end":{"line":22,"column":32}},"loc":{"start":{"line":22,"column":93},"end":{"line":24,"column":1}}},"1":{"name":"latLngToPixel","decl":{"start":{"line":33,"column":16},"end":{"line":33,"column":29}},"loc":{"start":{"line":33,"column":66},"end":{"line":44,"column":1}}}},"branchMap":{},"s":{"0":1,"1":1,"2":1,"3":1,"4":1,"5":1,"6":1},"f":{"0":1,"1":1},"b":{},"_coverageSchema":"332fd63041d2c1bcb487cc26dd0d5f7d97098a6c","hash":"69bb7ce2251e881a3fe3e03f0dbfc9842e611090"}
,"/Users/zacrosenbauer/PhpstormProjects/MyProjects/terranova/src/utils/events.js": {"path":"/Users/zacrosenbauer/PhpstormProjects/MyProjects/terranova/src/utils/events.js","statementMap":{"0":{"start":{"line":22,"column":2},"end":{"line":22,"column":41}},"1":{"start":{"line":30,"column":2},"end":{"line":30,"column":36}},"2":{"start":{"line":42,"column":2},"end":{"line":42,"column":60}},"3":{"start":{"line":51,"column":2},"end":{"line":51,"column":28}}},"fnMap":{"0":{"name":"getEventNamespace","decl":{"start":{"line":21,"column":16},"end":{"line":21,"column":33}},"loc":{"start":{"line":21,"column":90},"end":{"line":23,"column":1}}},"1":{"name":"ens","decl":{"start":{"line":29,"column":16},"end":{"line":29,"column":19}},"loc":{"start":{"line":29,"column":49},"end":{"line":31,"column":1}}},"2":{"name":"dispatchMapEvent","decl":{"start":{"line":41,"column":16},"end":{"line":41,"column":32}},"loc":{"start":{"line":41,"column":90},"end":{"line":43,"column":1}}},"3":{"name":"dispatch","decl":{"start":{"line":50,"column":16},"end":{"line":50,"column":24}},"loc":{"start":{"line":50,"column":52},"end":{"line":52,"column":1}}}},"branchMap":{},"s":{"0":2,"1":1,"2":2,"3":1},"f":{"0":2,"1":1,"2":2,"3":1},"b":{},"_coverageSchema":"332fd63041d2c1bcb487cc26dd0d5f7d97098a6c","hash":"bfc6de568b90c845f117ada6a5cb7b2004fe8b7c"}
,"/Users/zacrosenbauer/PhpstormProjects/MyProjects/terranova/src/utils/features.js": {"path":"/Users/zacrosenbauer/PhpstormProjects/MyProjects/terranova/src/utils/features.js","statementMap":{"0":{"start":{"line":40,"column":25},"end":{"line":40,"column":66}},"1":{"start":{"line":46,"column":24},"end":{"line":46,"column":64}},"2":{"start":{"line":52,"column":30},"end":{"line":56,"column":1}},"3":{"start":{"line":67,"column":45},"end":{"line":67,"column":52}},"4":{"start":{"line":68,"column":22},"end":{"line":68,"column":79}},"5":{"start":{"line":70,"column":2},"end":{"line":80,"column":3}},"6":{"start":{"line":71,"column":4},"end":{"line":79,"column":7}},"7":{"start":{"line":82,"column":2},"end":{"line":90,"column":5}},"8":{"start":{"line":98,"column":2},"end":{"line":100,"column":3}},"9":{"start":{"line":99,"column":4},"end":{"line":99,"column":16}},"10":{"start":{"line":102,"column":2},"end":{"line":102,"column":47}},"11":{"start":{"line":111,"column":2},"end":{"line":113,"column":3}},"12":{"start":{"line":112,"column":4},"end":{"line":112,"column":16}},"13":{"start":{"line":115,"column":2},"end":{"line":115,"column":37}},"14":{"start":{"line":124,"column":2},"end":{"line":126,"column":3}},"15":{"start":{"line":125,"column":4},"end":{"line":125,"column":16}},"16":{"start":{"line":128,"column":2},"end":{"line":128,"column":54}},"17":{"start":{"line":138,"column":17},"end":{"line":138,"column":19}},"18":{"start":{"line":140,"column":2},"end":{"line":142,"column":3}},"19":{"start":{"line":141,"column":4},"end":{"line":141,"column":18}},"20":{"start":{"line":144,"column":2},"end":{"line":148,"column":5}},"21":{"start":{"line":145,"column":4},"end":{"line":147,"column":5}},"22":{"start":{"line":146,"column":6},"end":{"line":146,"column":26}},"23":{"start":{"line":150,"column":2},"end":{"line":150,"column":16}},"24":{"start":{"line":159,"column":2},"end":{"line":161,"column":3}},"25":{"start":{"line":160,"column":4},"end":{"line":160,"column":16}},"26":{"start":{"line":163,"column":2},"end":{"line":163,"column":39}},"27":{"start":{"line":173,"column":2},"end":{"line":178,"column":3}},"28":{"start":{"line":174,"column":4},"end":{"line":177,"column":7}},"29":{"start":{"line":187,"column":2},"end":{"line":189,"column":3}},"30":{"start":{"line":188,"column":4},"end":{"line":188,"column":14}},"31":{"start":{"line":191,"column":2},"end":{"line":191,"column":38}},"32":{"start":{"line":201,"column":2},"end":{"line":203,"column":3}},"33":{"start":{"line":202,"column":4},"end":{"line":202,"column":39}},"34":{"start":{"line":215,"column":15},"end":{"line":215,"column":33}},"35":{"start":{"line":219,"column":2},"end":{"line":225,"column":3}},"36":{"start":{"line":220,"column":4},"end":{"line":224,"column":7}},"37":{"start":{"line":221,"column":6},"end":{"line":223,"column":7}},"38":{"start":{"line":222,"column":8},"end":{"line":222,"column":29}},"39":{"start":{"line":228,"column":2},"end":{"line":233,"column":5}},"40":{"start":{"line":229,"column":4},"end":{"line":231,"column":5}},"41":{"start":{"line":230,"column":6},"end":{"line":230,"column":13}},"42":{"start":{"line":232,"column":4},"end":{"line":232,"column":54}},"43":{"start":{"line":243,"column":2},"end":{"line":249,"column":3}},"44":{"start":{"line":244,"column":4},"end":{"line":246,"column":7}},"45":{"start":{"line":245,"column":6},"end":{"line":245,"column":70}},"46":{"start":{"line":247,"column":4},"end":{"line":247,"column":21}},"47":{"start":{"line":248,"column":4},"end":{"line":248,"column":31}},"48":{"start":{"line":259,"column":2},"end":{"line":275,"column":5}},"49":{"start":{"line":260,"column":4},"end":{"line":274,"column":7}},"50":{"start":{"line":261,"column":26},"end":{"line":261,"column":27}},"51":{"start":{"line":262,"column":23},"end":{"line":262,"column":46}},"52":{"start":{"line":263,"column":19},"end":{"line":263,"column":80}},"53":{"start":{"line":265,"column":6},"end":{"line":268,"column":7}},"54":{"start":{"line":267,"column":8},"end":{"line":267,"column":72}},"55":{"start":{"line":270,"column":6},"end":{"line":273,"column":7}},"56":{"start":{"line":272,"column":8},"end":{"line":272,"column":66}},"57":{"start":{"line":278,"column":24},"end":{"line":278,"column":26}},"58":{"start":{"line":281,"column":0},"end":{"line":286,"column":1}},"59":{"start":{"line":282,"column":2},"end":{"line":285,"column":4}}},"fnMap":{"0":{"name":"transformToValidFeature","decl":{"start":{"line":66,"column":9},"end":{"line":66,"column":32}},"loc":{"start":{"line":66,"column":70},"end":{"line":91,"column":1}}},"1":{"name":"getFeatureTypesByMapId","decl":{"start":{"line":97,"column":16},"end":{"line":97,"column":38}},"loc":{"start":{"line":97,"column":60},"end":{"line":103,"column":1}}},"2":{"name":"getFeatureTypeByName","decl":{"start":{"line":110,"column":16},"end":{"line":110,"column":36}},"loc":{"start":{"line":110,"column":84},"end":{"line":116,"column":1}}},"3":{"name":"getFeatureByMapId","decl":{"start":{"line":123,"column":16},"end":{"line":123,"column":33}},"loc":{"start":{"line":123,"column":77},"end":{"line":129,"column":1}}},"4":{"name":"getFeatureProperties","decl":{"start":{"line":137,"column":16},"end":{"line":137,"column":36}},"loc":{"start":{"line":137,"column":54},"end":{"line":151,"column":1}}},"5":{"name":"(anonymous_5)","decl":{"start":{"line":144,"column":26},"end":{"line":144,"column":27}},"loc":{"start":{"line":144,"column":42},"end":{"line":148,"column":3}}},"6":{"name":"getFeatureState","decl":{"start":{"line":158,"column":16},"end":{"line":158,"column":31}},"loc":{"start":{"line":158,"column":58},"end":{"line":164,"column":1}}},"7":{"name":"setFeatureState","decl":{"start":{"line":172,"column":16},"end":{"line":172,"column":31}},"loc":{"start":{"line":172,"column":74},"end":{"line":179,"column":1}}},"8":{"name":"getFeatureType","decl":{"start":{"line":186,"column":16},"end":{"line":186,"column":30}},"loc":{"start":{"line":186,"column":56},"end":{"line":192,"column":1}}},"9":{"name":"setFeatureType","decl":{"start":{"line":200,"column":16},"end":{"line":200,"column":30}},"loc":{"start":{"line":200,"column":68},"end":{"line":204,"column":1}}},"10":{"name":"updateFeatures","decl":{"start":{"line":214,"column":16},"end":{"line":214,"column":30}},"loc":{"start":{"line":214,"column":86},"end":{"line":234,"column":1}}},"11":{"name":"(anonymous_11)","decl":{"start":{"line":220,"column":17},"end":{"line":220,"column":18}},"loc":{"start":{"line":220,"column":30},"end":{"line":224,"column":5}}},"12":{"name":"(anonymous_12)","decl":{"start":{"line":228,"column":24},"end":{"line":228,"column":25}},"loc":{"start":{"line":228,"column":37},"end":{"line":233,"column":3}}},"13":{"name":"addFeatures","decl":{"start":{"line":242,"column":16},"end":{"line":242,"column":27}},"loc":{"start":{"line":242,"column":73},"end":{"line":250,"column":1}}},"14":{"name":"(anonymous_14)","decl":{"start":{"line":244,"column":22},"end":{"line":244,"column":23}},"loc":{"start":{"line":244,"column":35},"end":{"line":246,"column":5}}},"15":{"name":"handleFeatureEvents","decl":{"start":{"line":258,"column":16},"end":{"line":258,"column":35}},"loc":{"start":{"line":258,"column":57},"end":{"line":276,"column":1}}},"16":{"name":"(anonymous_16)","decl":{"start":{"line":259,"column":26},"end":{"line":259,"column":27}},"loc":{"start":{"line":259,"column":41},"end":{"line":275,"column":3}}},"17":{"name":"(anonymous_17)","decl":{"start":{"line":260,"column":46},"end":{"line":260,"column":47}},"loc":{"start":{"line":260,"column":53},"end":{"line":274,"column":5}}}},"branchMap":{"0":{"loc":{"start":{"line":70,"column":2},"end":{"line":80,"column":3}},"type":"if","locations":[{"start":{"line":70,"column":2},"end":{"line":80,"column":3}},{"start":{"line":70,"column":2},"end":{"line":80,"column":3}}]},"1":{"loc":{"start":{"line":76,"column":20},"end":{"line":76,"column":63}},"type":"cond-expr","locations":[{"start":{"line":76,"column":34},"end":{"line":76,"column":58}},{"start":{"line":76,"column":61},"end":{"line":76,"column":63}}]},"2":{"loc":{"start":{"line":87,"column":18},"end":{"line":87,"column":61}},"type":"cond-expr","locations":[{"start":{"line":87,"column":32},"end":{"line":87,"column":56}},{"start":{"line":87,"column":59},"end":{"line":87,"column":61}}]},"3":{"loc":{"start":{"line":98,"column":2},"end":{"line":100,"column":3}},"type":"if","locations":[{"start":{"line":98,"column":2},"end":{"line":100,"column":3}},{"start":{"line":98,"column":2},"end":{"line":100,"column":3}}]},"4":{"loc":{"start":{"line":102,"column":9},"end":{"line":102,"column":46}},"type":"binary-expr","locations":[{"start":{"line":102,"column":9},"end":{"line":102,"column":38}},{"start":{"line":102,"column":42},"end":{"line":102,"column":46}}]},"5":{"loc":{"start":{"line":111,"column":2},"end":{"line":113,"column":3}},"type":"if","locations":[{"start":{"line":111,"column":2},"end":{"line":113,"column":3}},{"start":{"line":111,"column":2},"end":{"line":113,"column":3}}]},"6":{"loc":{"start":{"line":115,"column":9},"end":{"line":115,"column":36}},"type":"binary-expr","locations":[{"start":{"line":115,"column":9},"end":{"line":115,"column":28}},{"start":{"line":115,"column":32},"end":{"line":115,"column":36}}]},"7":{"loc":{"start":{"line":124,"column":2},"end":{"line":126,"column":3}},"type":"if","locations":[{"start":{"line":124,"column":2},"end":{"line":126,"column":3}},{"start":{"line":124,"column":2},"end":{"line":126,"column":3}}]},"8":{"loc":{"start":{"line":140,"column":2},"end":{"line":142,"column":3}},"type":"if","locations":[{"start":{"line":140,"column":2},"end":{"line":142,"column":3}},{"start":{"line":140,"column":2},"end":{"line":142,"column":3}}]},"9":{"loc":{"start":{"line":145,"column":4},"end":{"line":147,"column":5}},"type":"if","locations":[{"start":{"line":145,"column":4},"end":{"line":147,"column":5}},{"start":{"line":145,"column":4},"end":{"line":147,"column":5}}]},"10":{"loc":{"start":{"line":159,"column":2},"end":{"line":161,"column":3}},"type":"if","locations":[{"start":{"line":159,"column":2},"end":{"line":161,"column":3}},{"start":{"line":159,"column":2},"end":{"line":161,"column":3}}]},"11":{"loc":{"start":{"line":173,"column":2},"end":{"line":178,"column":3}},"type":"if","locations":[{"start":{"line":173,"column":2},"end":{"line":178,"column":3}},{"start":{"line":173,"column":2},"end":{"line":178,"column":3}}]},"12":{"loc":{"start":{"line":187,"column":2},"end":{"line":189,"column":3}},"type":"if","locations":[{"start":{"line":187,"column":2},"end":{"line":189,"column":3}},{"start":{"line":187,"column":2},"end":{"line":189,"column":3}}]},"13":{"loc":{"start":{"line":201,"column":2},"end":{"line":203,"column":3}},"type":"if","locations":[{"start":{"line":201,"column":2},"end":{"line":203,"column":3}},{"start":{"line":201,"column":2},"end":{"line":203,"column":3}}]},"14":{"loc":{"start":{"line":214,"column":46},"end":{"line":214,"column":78}},"type":"default-arg","locations":[{"start":{"line":214,"column":76},"end":{"line":214,"column":78}}]},"15":{"loc":{"start":{"line":219,"column":2},"end":{"line":225,"column":3}},"type":"if","locations":[{"start":{"line":219,"column":2},"end":{"line":225,"column":3}},{"start":{"line":219,"column":2},"end":{"line":225,"column":3}}]},"16":{"loc":{"start":{"line":219,"column":6},"end":{"line":219,"column":25}},"type":"binary-expr","locations":[{"start":{"line":219,"column":6},"end":{"line":219,"column":10}},{"start":{"line":219,"column":14},"end":{"line":219,"column":25}}]},"17":{"loc":{"start":{"line":221,"column":6},"end":{"line":223,"column":7}},"type":"if","locations":[{"start":{"line":221,"column":6},"end":{"line":223,"column":7}},{"start":{"line":221,"column":6},"end":{"line":223,"column":7}}]},"18":{"loc":{"start":{"line":229,"column":4},"end":{"line":231,"column":5}},"type":"if","locations":[{"start":{"line":229,"column":4},"end":{"line":231,"column":5}},{"start":{"line":229,"column":4},"end":{"line":231,"column":5}}]},"19":{"loc":{"start":{"line":242,"column":43},"end":{"line":242,"column":71}},"type":"default-arg","locations":[{"start":{"line":242,"column":69},"end":{"line":242,"column":71}}]},"20":{"loc":{"start":{"line":243,"column":2},"end":{"line":249,"column":3}},"type":"if","locations":[{"start":{"line":243,"column":2},"end":{"line":249,"column":3}},{"start":{"line":243,"column":2},"end":{"line":249,"column":3}}]},"21":{"loc":{"start":{"line":265,"column":6},"end":{"line":268,"column":7}},"type":"if","locations":[{"start":{"line":265,"column":6},"end":{"line":268,"column":7}},{"start":{"line":265,"column":6},"end":{"line":268,"column":7}}]},"22":{"loc":{"start":{"line":270,"column":6},"end":{"line":273,"column":7}},"type":"if","locations":[{"start":{"line":270,"column":6},"end":{"line":273,"column":7}},{"start":{"line":270,"column":6},"end":{"line":273,"column":7}}]},"23":{"loc":{"start":{"line":281,"column":0},"end":{"line":286,"column":1}},"type":"if","locations":[{"start":{"line":281,"column":0},"end":{"line":286,"column":1}},{"start":{"line":281,"column":0},"end":{"line":286,"column":1}}]},"24":{"loc":{"start":{"line":281,"column":4},"end":{"line":281,"column":52}},"type":"binary-expr","locations":[{"start":{"line":281,"column":4},"end":{"line":281,"column":14}},{"start":{"line":281,"column":18},"end":{"line":281,"column":52}}]}},"s":{"0":6,"1":6,"2":6,"3":0,"4":0,"5":0,"6":0,"7":0,"8":4,"9":1,"10":3,"11":4,"12":0,"13":4,"14":2,"15":1,"16":1,"17":3,"18":3,"19":1,"20":2,"21":2,"22":2,"23":2,"24":8,"25":1,"26":7,"27":2,"28":1,"29":6,"30":1,"31":5,"32":2,"33":1,"34":1,"35":1,"36":0,"37":0,"38":0,"39":1,"40":0,"41":0,"42":0,"43":0,"44":0,"45":0,"46":0,"47":0,"48":0,"49":0,"50":0,"51":0,"52":0,"53":0,"54":0,"55":0,"56":0,"57":6,"58":6,"59":6},"f":{"0":0,"1":4,"2":4,"3":2,"4":3,"5":2,"6":8,"7":2,"8":6,"9":2,"10":1,"11":0,"12":0,"13":0,"14":0,"15":0,"16":0,"17":0},"b":{"0":[0,0],"1":[0,0],"2":[0,0],"3":[1,3],"4":[3,0],"5":[0,4],"6":[4,1],"7":[1,1],"8":[1,2],"9":[2,0],"10":[1,7],"11":[1,1],"12":[1,5],"13":[1,1],"14":[0],"15":[0,1],"16":[1,0],"17":[0,0],"18":[0,0],"19":[0],"20":[0,0],"21":[0,0],"22":[0,0],"23":[6,0],"24":[6,6]},"_coverageSchema":"332fd63041d2c1bcb487cc26dd0d5f7d97098a6c","hash":"3cc4a0f5d7f20ede55a761caa72b829814b663a4"}
,"/Users/zacrosenbauer/PhpstormProjects/MyProjects/terranova/src/utils/general.js": {"path":"/Users/zacrosenbauer/PhpstormProjects/MyProjects/terranova/src/utils/general.js","statementMap":{"0":{"start":{"line":13,"column":2},"end":{"line":13,"column":39}},"1":{"start":{"line":21,"column":2},"end":{"line":21,"column":74}}},"fnMap":{"0":{"name":"isClient","decl":{"start":{"line":12,"column":16},"end":{"line":12,"column":24}},"loc":{"start":{"line":12,"column":27},"end":{"line":14,"column":1}}},"1":{"name":"isServer","decl":{"start":{"line":20,"column":16},"end":{"line":20,"column":24}},"loc":{"start":{"line":20,"column":27},"end":{"line":22,"column":1}}}},"branchMap":{"0":{"loc":{"start":{"line":21,"column":9},"end":{"line":21,"column":73}},"type":"binary-expr","locations":[{"start":{"line":21,"column":9},"end":{"line":21,"column":35}},{"start":{"line":21,"column":39},"end":{"line":21,"column":73}}]}},"s":{"0":33,"1":7},"f":{"0":33,"1":7},"b":{"0":[7,7]},"_coverageSchema":"332fd63041d2c1bcb487cc26dd0d5f7d97098a6c","hash":"f329b4cbba885fc22b3063a4c92fa52a1dab69af"}
,"/Users/zacrosenbauer/PhpstormProjects/MyProjects/terranova/src/utils/style.js": {"path":"/Users/zacrosenbauer/PhpstormProjects/MyProjects/terranova/src/utils/style.js","statementMap":{"0":{"start":{"line":33,"column":2},"end":{"line":33,"column":81}},"1":{"start":{"line":33,"column":64},"end":{"line":33,"column":79}},"2":{"start":{"line":42,"column":2},"end":{"line":44,"column":3}},"3":{"start":{"line":43,"column":4},"end":{"line":43,"column":14}},"4":{"start":{"line":46,"column":2},"end":{"line":46,"column":45}},"5":{"start":{"line":57,"column":2},"end":{"line":63,"column":3}},"6":{"start":{"line":58,"column":18},"end":{"line":58,"column":51}},"7":{"start":{"line":60,"column":4},"end":{"line":62,"column":5}},"8":{"start":{"line":61,"column":6},"end":{"line":61,"column":57}},"9":{"start":{"line":74,"column":2},"end":{"line":80,"column":3}},"10":{"start":{"line":75,"column":18},"end":{"line":75,"column":51}},"11":{"start":{"line":77,"column":4},"end":{"line":79,"column":5}},"12":{"start":{"line":78,"column":6},"end":{"line":78,"column":47}},"13":{"start":{"line":89,"column":2},"end":{"line":91,"column":3}},"14":{"start":{"line":90,"column":4},"end":{"line":90,"column":45}},"15":{"start":{"line":100,"column":23},"end":{"line":100,"column":52}},"16":{"start":{"line":102,"column":2},"end":{"line":133,"column":5}},"17":{"start":{"line":103,"column":17},"end":{"line":103,"column":76}},"18":{"start":{"line":108,"column":25},"end":{"line":108,"column":29}},"19":{"start":{"line":109,"column":28},"end":{"line":109,"column":53}},"20":{"start":{"line":110,"column":4},"end":{"line":122,"column":5}},"21":{"start":{"line":111,"column":20},"end":{"line":111,"column":21}},"22":{"start":{"line":112,"column":17},"end":{"line":112,"column":22}},"23":{"start":{"line":114,"column":6},"end":{"line":121,"column":7}},"24":{"start":{"line":115,"column":8},"end":{"line":115,"column":59}},"25":{"start":{"line":116,"column":8},"end":{"line":116,"column":18}},"26":{"start":{"line":118,"column":8},"end":{"line":120,"column":9}},"27":{"start":{"line":119,"column":10},"end":{"line":119,"column":22}},"28":{"start":{"line":124,"column":4},"end":{"line":126,"column":5}},"29":{"start":{"line":125,"column":6},"end":{"line":125,"column":28}},"30":{"start":{"line":128,"column":4},"end":{"line":130,"column":5}},"31":{"start":{"line":129,"column":6},"end":{"line":129,"column":37}},"32":{"start":{"line":132,"column":4},"end":{"line":132,"column":16}}},"fnMap":{"0":{"name":"getSetStyleIndex","decl":{"start":{"line":32,"column":9},"end":{"line":32,"column":25}},"loc":{"start":{"line":32,"column":69},"end":{"line":34,"column":1}}},"1":{"name":"(anonymous_1)","decl":{"start":{"line":33,"column":56},"end":{"line":33,"column":57}},"loc":{"start":{"line":33,"column":64},"end":{"line":33,"column":79}}},"2":{"name":"getStylesModifiers","decl":{"start":{"line":41,"column":16},"end":{"line":41,"column":34}},"loc":{"start":{"line":41,"column":67},"end":{"line":47,"column":1}}},"3":{"name":"addStylesModifier","decl":{"start":{"line":56,"column":16},"end":{"line":56,"column":33}},"loc":{"start":{"line":56,"column":75},"end":{"line":64,"column":1}}},"4":{"name":"removeStylesModifier","decl":{"start":{"line":73,"column":16},"end":{"line":73,"column":36}},"loc":{"start":{"line":73,"column":78},"end":{"line":81,"column":1}}},"5":{"name":"clearStylesModifiers","decl":{"start":{"line":88,"column":16},"end":{"line":88,"column":36}},"loc":{"start":{"line":88,"column":58},"end":{"line":92,"column":1}}},"6":{"name":"addStyles","decl":{"start":{"line":99,"column":16},"end":{"line":99,"column":25}},"loc":{"start":{"line":99,"column":47},"end":{"line":134,"column":1}}},"7":{"name":"(anonymous_7)","decl":{"start":{"line":102,"column":30},"end":{"line":102,"column":31}},"loc":{"start":{"line":102,"column":43},"end":{"line":133,"column":3}}}},"branchMap":{"0":{"loc":{"start":{"line":42,"column":2},"end":{"line":44,"column":3}},"type":"if","locations":[{"start":{"line":42,"column":2},"end":{"line":44,"column":3}},{"start":{"line":42,"column":2},"end":{"line":44,"column":3}}]},"1":{"loc":{"start":{"line":57,"column":2},"end":{"line":63,"column":3}},"type":"if","locations":[{"start":{"line":57,"column":2},"end":{"line":63,"column":3}},{"start":{"line":57,"column":2},"end":{"line":63,"column":3}}]},"2":{"loc":{"start":{"line":60,"column":4},"end":{"line":62,"column":5}},"type":"if","locations":[{"start":{"line":60,"column":4},"end":{"line":62,"column":5}},{"start":{"line":60,"column":4},"end":{"line":62,"column":5}}]},"3":{"loc":{"start":{"line":74,"column":2},"end":{"line":80,"column":3}},"type":"if","locations":[{"start":{"line":74,"column":2},"end":{"line":80,"column":3}},{"start":{"line":74,"column":2},"end":{"line":80,"column":3}}]},"4":{"loc":{"start":{"line":77,"column":4},"end":{"line":79,"column":5}},"type":"if","locations":[{"start":{"line":77,"column":4},"end":{"line":79,"column":5}},{"start":{"line":77,"column":4},"end":{"line":79,"column":5}}]},"5":{"loc":{"start":{"line":89,"column":2},"end":{"line":91,"column":3}},"type":"if","locations":[{"start":{"line":89,"column":2},"end":{"line":91,"column":3}},{"start":{"line":89,"column":2},"end":{"line":91,"column":3}}]},"6":{"loc":{"start":{"line":110,"column":4},"end":{"line":122,"column":5}},"type":"if","locations":[{"start":{"line":110,"column":4},"end":{"line":122,"column":5}},{"start":{"line":110,"column":4},"end":{"line":122,"column":5}}]},"7":{"loc":{"start":{"line":114,"column":13},"end":{"line":114,"column":54}},"type":"binary-expr","locations":[{"start":{"line":114,"column":13},"end":{"line":114,"column":45}},{"start":{"line":114,"column":49},"end":{"line":114,"column":54}}]},"8":{"loc":{"start":{"line":118,"column":8},"end":{"line":120,"column":9}},"type":"if","locations":[{"start":{"line":118,"column":8},"end":{"line":120,"column":9}},{"start":{"line":118,"column":8},"end":{"line":120,"column":9}}]},"9":{"loc":{"start":{"line":124,"column":4},"end":{"line":126,"column":5}},"type":"if","locations":[{"start":{"line":124,"column":4},"end":{"line":126,"column":5}},{"start":{"line":124,"column":4},"end":{"line":126,"column":5}}]},"10":{"loc":{"start":{"line":128,"column":4},"end":{"line":130,"column":5}},"type":"if","locations":[{"start":{"line":128,"column":4},"end":{"line":130,"column":5}},{"start":{"line":128,"column":4},"end":{"line":130,"column":5}}]}},"s":{"0":4,"1":4,"2":11,"3":1,"4":10,"5":2,"6":2,"7":2,"8":1,"9":2,"10":2,"11":2,"12":1,"13":2,"14":1,"15":2,"16":2,"17":2,"18":2,"19":2,"20":2,"21":2,"22":2,"23":2,"24":2,"25":2,"26":2,"27":1,"28":2,"29":1,"30":1,"31":1,"32":0},"f":{"0":4,"1":4,"2":11,"3":2,"4":2,"5":2,"6":2,"7":2},"b":{"0":[1,10],"1":[2,0],"2":[1,1],"3":[2,0],"4":[1,1],"5":[1,1],"6":[2,0],"7":[4,2],"8":[1,1],"9":[1,1],"10":[1,0]},"_coverageSchema":"332fd63041d2c1bcb487cc26dd0d5f7d97098a6c","hash":"caf63fe068017812b843c07ad3684b1d7782388c"}
,"/Users/zacrosenbauer/PhpstormProjects/MyProjects/terranova/src/utils/terra.js": {"path":"/Users/zacrosenbauer/PhpstormProjects/MyProjects/terranova/src/utils/terra.js","statementMap":{"0":{"start":{"line":48,"column":44},"end":{"line":48,"column":46}},"1":{"start":{"line":68,"column":14},"end":{"line":68,"column":16}},"2":{"start":{"line":79,"column":2},"end":{"line":79,"column":28}},"3":{"start":{"line":90,"column":2},"end":{"line":92,"column":3}},"4":{"start":{"line":91,"column":4},"end":{"line":91,"column":16}},"5":{"start":{"line":94,"column":2},"end":{"line":94,"column":19}},"6":{"start":{"line":102,"column":2},"end":{"line":104,"column":3}},"7":{"start":{"line":103,"column":4},"end":{"line":103,"column":16}},"8":{"start":{"line":106,"column":2},"end":{"line":106,"column":23}},"9":{"start":{"line":114,"column":2},"end":{"line":116,"column":3}},"10":{"start":{"line":115,"column":4},"end":{"line":115,"column":16}},"11":{"start":{"line":118,"column":2},"end":{"line":118,"column":28}},"12":{"start":{"line":133,"column":2},"end":{"line":135,"column":3}},"13":{"start":{"line":134,"column":4},"end":{"line":134,"column":61}},"14":{"start":{"line":137,"column":13},"end":{"line":137,"column":45}},"15":{"start":{"line":139,"column":2},"end":{"line":146,"column":3}},"16":{"start":{"line":140,"column":4},"end":{"line":144,"column":6}},"17":{"start":{"line":145,"column":4},"end":{"line":145,"column":11}},"18":{"start":{"line":155,"column":2},"end":{"line":157,"column":3}},"19":{"start":{"line":156,"column":4},"end":{"line":156,"column":21}}},"fnMap":{"0":{"name":"terraExists","decl":{"start":{"line":78,"column":16},"end":{"line":78,"column":27}},"loc":{"start":{"line":78,"column":32},"end":{"line":80,"column":1}}},"1":{"name":"getTerraById","decl":{"start":{"line":89,"column":16},"end":{"line":89,"column":28}},"loc":{"start":{"line":89,"column":33},"end":{"line":95,"column":1}}},"2":{"name":"getMapById","decl":{"start":{"line":101,"column":16},"end":{"line":101,"column":26}},"loc":{"start":{"line":101,"column":31},"end":{"line":107,"column":1}}},"3":{"name":"getDataById","decl":{"start":{"line":113,"column":16},"end":{"line":113,"column":27}},"loc":{"start":{"line":113,"column":32},"end":{"line":119,"column":1}}},"4":{"name":"createTerra","decl":{"start":{"line":132,"column":16},"end":{"line":132,"column":27}},"loc":{"start":{"line":132,"column":87},"end":{"line":147,"column":1}}},"5":{"name":"destroyTerra","decl":{"start":{"line":154,"column":16},"end":{"line":154,"column":28}},"loc":{"start":{"line":154,"column":33},"end":{"line":158,"column":1}}}},"branchMap":{"0":{"loc":{"start":{"line":90,"column":2},"end":{"line":92,"column":3}},"type":"if","locations":[{"start":{"line":90,"column":2},"end":{"line":92,"column":3}},{"start":{"line":90,"column":2},"end":{"line":92,"column":3}}]},"1":{"loc":{"start":{"line":102,"column":2},"end":{"line":104,"column":3}},"type":"if","locations":[{"start":{"line":102,"column":2},"end":{"line":104,"column":3}},{"start":{"line":102,"column":2},"end":{"line":104,"column":3}}]},"2":{"loc":{"start":{"line":114,"column":2},"end":{"line":116,"column":3}},"type":"if","locations":[{"start":{"line":114,"column":2},"end":{"line":116,"column":3}},{"start":{"line":114,"column":2},"end":{"line":116,"column":3}}]},"3":{"loc":{"start":{"line":132,"column":32},"end":{"line":132,"column":44}},"type":"default-arg","locations":[{"start":{"line":132,"column":42},"end":{"line":132,"column":44}}]},"4":{"loc":{"start":{"line":132,"column":46},"end":{"line":132,"column":63}},"type":"default-arg","locations":[{"start":{"line":132,"column":61},"end":{"line":132,"column":63}}]},"5":{"loc":{"start":{"line":132,"column":65},"end":{"line":132,"column":85}},"type":"default-arg","locations":[{"start":{"line":132,"column":83},"end":{"line":132,"column":85}}]},"6":{"loc":{"start":{"line":133,"column":2},"end":{"line":135,"column":3}},"type":"if","locations":[{"start":{"line":133,"column":2},"end":{"line":135,"column":3}},{"start":{"line":133,"column":2},"end":{"line":135,"column":3}}]},"7":{"loc":{"start":{"line":139,"column":2},"end":{"line":146,"column":3}},"type":"if","locations":[{"start":{"line":139,"column":2},"end":{"line":146,"column":3}},{"start":{"line":139,"column":2},"end":{"line":146,"column":3}}]},"8":{"loc":{"start":{"line":155,"column":2},"end":{"line":157,"column":3}},"type":"if","locations":[{"start":{"line":155,"column":2},"end":{"line":157,"column":3}},{"start":{"line":155,"column":2},"end":{"line":157,"column":3}}]}},"s":{"0":9,"1":9,"2":89,"3":24,"4":3,"5":21,"6":5,"7":3,"8":2,"9":35,"10":2,"11":33,"12":41,"13":1,"14":40,"15":40,"16":40,"17":40,"18":41,"19":40},"f":{"0":89,"1":24,"2":5,"3":35,"4":41,"5":41},"b":{"0":[3,21],"1":[3,2],"2":[2,33],"3":[14],"4":[14],"5":[14],"6":[1,40],"7":[40,0],"8":[40,1]},"_coverageSchema":"332fd63041d2c1bcb487cc26dd0d5f7d97098a6c","hash":"d5fa33303be1d41abe1cf8832988023b6f37ea0f"}
}
