{"/Users/zacrosenbauer/PhpstormProjects/MyProjects/terranova/src/InfoWindow.jsx": {"path":"/Users/zacrosenbauer/PhpstormProjects/MyProjects/terranova/src/InfoWindow.jsx","statementMap":{"0":{"start":{"line":1,"column":0},"end":{"line":105,"column":396}},"1":{"start":{"line":1,"column":29},"end":{"line":1,"column":424}},"2":{"start":{"line":1,"column":78},"end":{"line":1,"column":154}},"3":{"start":{"line":1,"column":161},"end":{"line":1,"column":424}},"4":{"start":{"line":1,"column":198},"end":{"line":1,"column":289}},"5":{"start":{"line":1,"column":307},"end":{"line":1,"column":322}},"6":{"start":{"line":1,"column":323},"end":{"line":1,"column":391}},"7":{"start":{"line":1,"column":391},"end":{"line":1,"column":423}},"8":{"start":{"line":1,"column":495},"end":{"line":1,"column":557}},"9":{"start":{"line":1,"column":557},"end":{"line":1,"column":585}},"10":{"start":{"line":1,"column":599},"end":{"line":1,"column":629}},"11":{"start":{"line":1,"column":646},"end":{"line":1,"column":678}},"12":{"start":{"line":1,"column":717},"end":{"line":1,"column":771}},"13":{"start":{"line":1,"column":787},"end":{"line":1,"column":1018}},"14":{"start":{"line":1,"column":823},"end":{"line":1,"column":1003}},"15":{"start":{"line":1,"column":880},"end":{"line":1,"column":892}},"16":{"start":{"line":1,"column":893},"end":{"line":1,"column":1002}},"17":{"start":{"line":1,"column":918},"end":{"line":1,"column":1001}},"18":{"start":{"line":1,"column":974},"end":{"line":1,"column":1000}},"19":{"start":{"line":1,"column":1003},"end":{"line":1,"column":1017}},"20":{"start":{"line":1,"column":1068},"end":{"line":1,"column":1167}},"21":{"start":{"line":1,"column":1109},"end":{"line":1,"column":1166}},"22":{"start":{"line":1,"column":1187},"end":{"line":1,"column":1716}},"23":{"start":{"line":1,"column":1242},"end":{"line":1,"column":1507}},"24":{"start":{"line":1,"column":1299},"end":{"line":1,"column":1307}},"25":{"start":{"line":1,"column":1308},"end":{"line":1,"column":1363}},"26":{"start":{"line":1,"column":1363},"end":{"line":1,"column":1394}},"27":{"start":{"line":1,"column":1394},"end":{"line":1,"column":1448}},"28":{"start":{"line":1,"column":1421},"end":{"line":1,"column":1448}},"29":{"start":{"line":1,"column":1448},"end":{"line":1,"column":1506}},"30":{"start":{"line":1,"column":1508},"end":{"line":1,"column":1713}},"31":{"start":{"line":1,"column":1564},"end":{"line":1,"column":1632}},"32":{"start":{"line":1,"column":1580},"end":{"line":1,"column":1632}},"33":{"start":{"line":1,"column":1632},"end":{"line":1,"column":1692}},"34":{"start":{"line":1,"column":1649},"end":{"line":1,"column":1692}},"35":{"start":{"line":1,"column":1692},"end":{"line":1,"column":1711}},"36":{"start":{"line":1,"column":1766},"end":{"line":1,"column":1865}},"37":{"start":{"line":1,"column":1778},"end":{"line":1,"column":1864}},"38":{"start":{"line":1,"column":1865},"end":{"line":1,"column":1951}},"39":{"start":{"line":1,"column":1994},"end":{"line":1,"column":2157}},"40":{"start":{"line":1,"column":2056},"end":{"line":1,"column":2156}},"41":{"start":{"line":1,"column":2157},"end":{"line":1,"column":2321}},"42":{"start":{"line":1,"column":2321},"end":{"line":1,"column":2439}},"43":{"start":{"line":1,"column":2337},"end":{"line":1,"column":2439}},"44":{"start":{"line":22,"column":4},"end":{"line":24,"column":5}},"45":{"start":{"line":23,"column":6},"end":{"line":23,"column":18}},"46":{"start":{"line":26,"column":4},"end":{"line":26,"column":62}},"47":{"start":{"line":33,"column":16},"end":{"line":105,"column":362}},"48":{"start":{"line":33,"column":60},"end":{"line":33,"column":98}},"49":{"start":{"line":50,"column":32},"end":{"line":50,"column":66}},"50":{"start":{"line":50,"column":78},"end":{"line":51,"column":13}},"51":{"start":{"line":51,"column":14},"end":{"line":68,"column":22}},"52":{"start":{"line":68,"column":22},"end":{"line":73,"column":31}},"53":{"start":{"line":73,"column":31},"end":{"line":73,"column":123}},"54":{"start":{"line":73,"column":54},"end":{"line":73,"column":122}},"55":{"start":{"line":73,"column":123},"end":{"line":73,"column":195}},"56":{"start":{"line":73,"column":141},"end":{"line":73,"column":194}},"57":{"start":{"line":73,"column":195},"end":{"line":73,"column":208}},"58":{"start":{"line":73,"column":209},"end":{"line":105,"column":12}},"59":{"start":{"line":77,"column":8},"end":{"line":79,"column":9}},"60":{"start":{"line":78,"column":10},"end":{"line":78,"column":22}},"61":{"start":{"line":86,"column":8},"end":{"line":86,"column":18}},"62":{"start":{"line":86,"column":29},"end":{"line":86,"column":43}},"63":{"start":{"line":86,"column":51},"end":{"line":86,"column":62}},"64":{"start":{"line":86,"column":67},"end":{"line":86,"column":75}},"65":{"start":{"line":86,"column":80},"end":{"line":86,"column":88}},"66":{"start":{"line":88,"column":34},"end":{"line":88,"column":82}},"67":{"start":{"line":90,"column":8},"end":{"line":101,"column":111}},"68":{"start":{"line":105,"column":12},"end":{"line":105,"column":30}},"69":{"start":{"line":105,"column":364},"end":{"line":105,"column":393}}},"fnMap":{"0":{"name":"(anonymous_0)","decl":{"start":{"line":1,"column":1},"end":{"line":1,"column":2}},"loc":{"start":{"line":1,"column":28},"end":{"line":1,"column":425}}},"1":{"name":"(anonymous_1)","decl":{"start":{"line":1,"column":433},"end":{"line":1,"column":434}},"loc":{"start":{"line":1,"column":481},"end":{"line":105,"column":394}}},"2":{"name":"_interopRequireDefault","decl":{"start":{"line":1,"column":688},"end":{"line":1,"column":710}},"loc":{"start":{"line":1,"column":716},"end":{"line":1,"column":772}}},"3":{"name":"(anonymous_3)","decl":{"start":{"line":1,"column":804},"end":{"line":1,"column":805}},"loc":{"start":{"line":1,"column":822},"end":{"line":1,"column":1018}}},"4":{"name":"_classCallCheck","decl":{"start":{"line":1,"column":1028},"end":{"line":1,"column":1043}},"loc":{"start":{"line":1,"column":1067},"end":{"line":1,"column":1168}}},"5":{"name":"(anonymous_5)","decl":{"start":{"line":1,"column":1187},"end":{"line":1,"column":1188}},"loc":{"start":{"line":1,"column":1199},"end":{"line":1,"column":1714}}},"6":{"name":"defineProperties","decl":{"start":{"line":1,"column":1209},"end":{"line":1,"column":1225}},"loc":{"start":{"line":1,"column":1241},"end":{"line":1,"column":1508}}},"7":{"name":"(anonymous_7)","decl":{"start":{"line":1,"column":1515},"end":{"line":1,"column":1516}},"loc":{"start":{"line":1,"column":1563},"end":{"line":1,"column":1712}}},"8":{"name":"_possibleConstructorReturn","decl":{"start":{"line":1,"column":1726},"end":{"line":1,"column":1752}},"loc":{"start":{"line":1,"column":1765},"end":{"line":1,"column":1952}}},"9":{"name":"_inherits","decl":{"start":{"line":1,"column":1961},"end":{"line":1,"column":1970}},"loc":{"start":{"line":1,"column":1993},"end":{"line":1,"column":2440}}},"10":{"name":"getInfoWindowByFeature","decl":{"start":{"line":21,"column":11},"end":{"line":21,"column":33}},"loc":{"start":{"line":21,"column":55},"end":{"line":27,"column":3}}},"11":{"name":"(anonymous_11)","decl":{"start":{"line":33,"column":33},"end":{"line":33,"column":34}},"loc":{"start":{"line":33,"column":59},"end":{"line":105,"column":31}}},"12":{"name":"InfoWindow","decl":{"start":{"line":50,"column":13},"end":{"line":50,"column":23}},"loc":{"start":{"line":50,"column":31},"end":{"line":73,"column":209}}},"13":{"name":"render","decl":{"start":{"line":73,"column":268},"end":{"line":73,"column":274}},"loc":{"start":{"line":76,"column":6},"end":{"line":105,"column":7}}}},"branchMap":{"0":{"loc":{"start":{"line":1,"column":29},"end":{"line":1,"column":424}},"type":"if","locations":[{"start":{"line":1,"column":29},"end":{"line":1,"column":424}},{"start":{"line":1,"column":29},"end":{"line":1,"column":424}}]},"1":{"loc":{"start":{"line":1,"column":33},"end":{"line":1,"column":75}},"type":"binary-expr","locations":[{"start":{"line":1,"column":33},"end":{"line":1,"column":61}},{"start":{"line":1,"column":65},"end":{"line":1,"column":75}}]},"2":{"loc":{"start":{"line":1,"column":161},"end":{"line":1,"column":424}},"type":"if","locations":[{"start":{"line":1,"column":161},"end":{"line":1,"column":424}},{"start":{"line":1,"column":161},"end":{"line":1,"column":424}}]},"3":{"loc":{"start":{"line":1,"column":724},"end":{"line":1,"column":770}},"type":"cond-expr","locations":[{"start":{"line":1,"column":748},"end":{"line":1,"column":751}},{"start":{"line":1,"column":754},"end":{"line":1,"column":770}}]},"4":{"loc":{"start":{"line":1,"column":724},"end":{"line":1,"column":745}},"type":"binary-expr","locations":[{"start":{"line":1,"column":724},"end":{"line":1,"column":727}},{"start":{"line":1,"column":731},"end":{"line":1,"column":745}}]},"5":{"loc":{"start":{"line":1,"column":787},"end":{"line":1,"column":1018}},"type":"binary-expr","locations":[{"start":{"line":1,"column":787},"end":{"line":1,"column":800}},{"start":{"line":1,"column":804},"end":{"line":1,"column":1018}}]},"6":{"loc":{"start":{"line":1,"column":918},"end":{"line":1,"column":1001}},"type":"if","locations":[{"start":{"line":1,"column":918},"end":{"line":1,"column":1001}},{"start":{"line":1,"column":918},"end":{"line":1,"column":1001}}]},"7":{"loc":{"start":{"line":1,"column":1068},"end":{"line":1,"column":1167}},"type":"if","locations":[{"start":{"line":1,"column":1068},"end":{"line":1,"column":1167}},{"start":{"line":1,"column":1068},"end":{"line":1,"column":1167}}]},"8":{"loc":{"start":{"line":1,"column":1332},"end":{"line":1,"column":1362}},"type":"binary-expr","locations":[{"start":{"line":1,"column":1332},"end":{"line":1,"column":1353}},{"start":{"line":1,"column":1357},"end":{"line":1,"column":1362}}]},"9":{"loc":{"start":{"line":1,"column":1394},"end":{"line":1,"column":1448}},"type":"if","locations":[{"start":{"line":1,"column":1394},"end":{"line":1,"column":1448}},{"start":{"line":1,"column":1394},"end":{"line":1,"column":1448}}]},"10":{"loc":{"start":{"line":1,"column":1564},"end":{"line":1,"column":1632}},"type":"if","locations":[{"start":{"line":1,"column":1564},"end":{"line":1,"column":1632}},{"start":{"line":1,"column":1564},"end":{"line":1,"column":1632}}]},"11":{"loc":{"start":{"line":1,"column":1632},"end":{"line":1,"column":1692}},"type":"if","locations":[{"start":{"line":1,"column":1632},"end":{"line":1,"column":1692}},{"start":{"line":1,"column":1632},"end":{"line":1,"column":1692}}]},"12":{"loc":{"start":{"line":1,"column":1766},"end":{"line":1,"column":1865}},"type":"if","locations":[{"start":{"line":1,"column":1766},"end":{"line":1,"column":1865}},{"start":{"line":1,"column":1766},"end":{"line":1,"column":1865}}]},"13":{"loc":{"start":{"line":1,"column":1872},"end":{"line":1,"column":1950}},"type":"cond-expr","locations":[{"start":{"line":1,"column":1939},"end":{"line":1,"column":1943}},{"start":{"line":1,"column":1946},"end":{"line":1,"column":1950}}]},"14":{"loc":{"start":{"line":1,"column":1872},"end":{"line":1,"column":1936}},"type":"binary-expr","locations":[{"start":{"line":1,"column":1872},"end":{"line":1,"column":1876}},{"start":{"line":1,"column":1881},"end":{"line":1,"column":1905}},{"start":{"line":1,"column":1909},"end":{"line":1,"column":1935}}]},"15":{"loc":{"start":{"line":1,"column":1994},"end":{"line":1,"column":2157}},"type":"if","locations":[{"start":{"line":1,"column":1994},"end":{"line":1,"column":2157}},{"start":{"line":1,"column":1994},"end":{"line":1,"column":2157}}]},"16":{"loc":{"start":{"line":1,"column":1998},"end":{"line":1,"column":2053}},"type":"binary-expr","locations":[{"start":{"line":1,"column":1998},"end":{"line":1,"column":2030}},{"start":{"line":1,"column":2034},"end":{"line":1,"column":2053}}]},"17":{"loc":{"start":{"line":1,"column":2192},"end":{"line":1,"column":2226}},"type":"binary-expr","locations":[{"start":{"line":1,"column":2192},"end":{"line":1,"column":2202}},{"start":{"line":1,"column":2206},"end":{"line":1,"column":2226}}]},"18":{"loc":{"start":{"line":1,"column":2321},"end":{"line":1,"column":2439}},"type":"if","locations":[{"start":{"line":1,"column":2321},"end":{"line":1,"column":2439}},{"start":{"line":1,"column":2321},"end":{"line":1,"column":2439}}]},"19":{"loc":{"start":{"line":1,"column":2337},"end":{"line":1,"column":2438}},"type":"cond-expr","locations":[{"start":{"line":1,"column":2361},"end":{"line":1,"column":2404}},{"start":{"line":1,"column":2407},"end":{"line":1,"column":2438}}]},"20":{"loc":{"start":{"line":22,"column":4},"end":{"line":24,"column":5}},"type":"if","locations":[{"start":{"line":22,"column":4},"end":{"line":24,"column":5}},{"start":{"line":22,"column":4},"end":{"line":24,"column":5}}]},"21":{"loc":{"start":{"line":50,"column":112},"end":{"line":50,"column":169}},"type":"binary-expr","locations":[{"start":{"line":50,"column":112},"end":{"line":50,"column":132}},{"start":{"line":50,"column":136},"end":{"line":50,"column":169}}]},"22":{"loc":{"start":{"line":73,"column":31},"end":{"line":73,"column":123}},"type":"if","locations":[{"start":{"line":73,"column":31},"end":{"line":73,"column":123}},{"start":{"line":73,"column":31},"end":{"line":73,"column":123}}]},"23":{"loc":{"start":{"line":73,"column":123},"end":{"line":73,"column":195}},"type":"if","locations":[{"start":{"line":73,"column":123},"end":{"line":73,"column":195}},{"start":{"line":73,"column":123},"end":{"line":73,"column":195}}]},"24":{"loc":{"start":{"line":77,"column":8},"end":{"line":79,"column":9}},"type":"if","locations":[{"start":{"line":77,"column":8},"end":{"line":79,"column":9}},{"start":{"line":77,"column":8},"end":{"line":79,"column":9}}]},"25":{"loc":{"start":{"line":93,"column":25},"end":{"line":93,"column":48}},"type":"cond-expr","locations":[{"start":{"line":93,"column":32},"end":{"line":93,"column":39}},{"start":{"line":93,"column":42},"end":{"line":93,"column":48}}]},"26":{"loc":{"start":{"line":100,"column":12},"end":{"line":101,"column":108}},"type":"binary-expr","locations":[{"start":{"line":100,"column":12},"end":{"line":100,"column":19}},{"start":{"line":101,"column":12},"end":{"line":101,"column":108}}]}},"s":{"0":0,"1":0,"2":0,"3":0,"4":0,"5":0,"6":0,"7":0,"8":0,"9":0,"10":0,"11":0,"12":0,"13":0,"14":0,"15":0,"16":0,"17":0,"18":0,"19":0,"20":0,"21":0,"22":0,"23":0,"24":0,"25":0,"26":0,"27":0,"28":0,"29":0,"30":0,"31":0,"32":0,"33":0,"34":0,"35":0,"36":0,"37":0,"38":0,"39":0,"40":0,"41":0,"42":0,"43":0,"44":0,"45":0,"46":0,"47":0,"48":0,"49":0,"50":0,"51":0,"52":0,"53":0,"54":0,"55":0,"56":0,"57":0,"58":0,"59":0,"60":0,"61":0,"62":0,"63":0,"64":0,"65":0,"66":0,"67":0,"68":0,"69":0},"f":{"0":0,"1":0,"2":0,"3":0,"4":0,"5":0,"6":0,"7":0,"8":0,"9":0,"10":0,"11":0,"12":0,"13":0},"b":{"0":[0,0],"1":[0,0],"2":[0,0],"3":[0,0],"4":[0,0],"5":[0,0],"6":[0,0],"7":[0,0],"8":[0,0],"9":[0,0],"10":[0,0],"11":[0,0],"12":[0,0],"13":[0,0],"14":[0,0,0],"15":[0,0],"16":[0,0],"17":[0,0],"18":[0,0],"19":[0,0],"20":[0,0],"21":[0,0],"22":[0,0],"23":[0,0],"24":[0,0],"25":[0,0],"26":[0,0]}}
,"/Users/zacrosenbauer/PhpstormProjects/MyProjects/terranova/src/Inner.jsx": {"path":"/Users/zacrosenbauer/PhpstormProjects/MyProjects/terranova/src/Inner.jsx","statementMap":{"0":{"start":{"line":15,"column":20},"end":{"line":21,"column":1}},"1":{"start":{"line":80,"column":8},"end":{"line":80,"column":18}},"2":{"start":{"line":83,"column":4},"end":{"line":83,"column":54}},"3":{"start":{"line":86,"column":4},"end":{"line":86,"column":30}},"4":{"start":{"line":91,"column":4},"end":{"line":91,"column":54}},"5":{"start":{"line":101,"column":4},"end":{"line":101,"column":17}},"6":{"start":{"line":105,"column":4},"end":{"line":105,"column":32}},"7":{"start":{"line":109,"column":4},"end":{"line":114,"column":6}}},"fnMap":{"0":{"name":"(anonymous_0)","decl":{"start":{"line":73,"column":2},"end":{"line":73,"column":3}},"loc":{"start":{"line":73,"column":22},"end":{"line":87,"column":3}}},"1":{"name":"(anonymous_1)","decl":{"start":{"line":89,"column":2},"end":{"line":89,"column":3}},"loc":{"start":{"line":89,"column":39},"end":{"line":92,"column":3}}},"2":{"name":"(anonymous_2)","decl":{"start":{"line":100,"column":2},"end":{"line":100,"column":3}},"loc":{"start":{"line":100,"column":26},"end":{"line":102,"column":3}}},"3":{"name":"(anonymous_3)","decl":{"start":{"line":104,"column":2},"end":{"line":104,"column":3}},"loc":{"start":{"line":104,"column":25},"end":{"line":106,"column":3}}},"4":{"name":"(anonymous_4)","decl":{"start":{"line":108,"column":2},"end":{"line":108,"column":3}},"loc":{"start":{"line":108,"column":11},"end":{"line":115,"column":3}}}},"branchMap":{},"s":{"0":2,"1":0,"2":0,"3":0,"4":1,"5":1,"6":0,"7":1},"f":{"0":0,"1":1,"2":1,"3":0,"4":1},"b":{},"_coverageSchema":"332fd63041d2c1bcb487cc26dd0d5f7d97098a6c","hash":"b818e449ed5a5c7a548d12457be6ac84d6fa343e"}
,"/Users/zacrosenbauer/PhpstormProjects/MyProjects/terranova/src/Outer.jsx": {"path":"/Users/zacrosenbauer/PhpstormProjects/MyProjects/terranova/src/Outer.jsx","statementMap":{"0":{"start":{"line":11,"column":2},"end":{"line":15,"column":4}},"1":{"start":{"line":22,"column":14},"end":{"line":35,"column":1}},"2":{"start":{"line":28,"column":2},"end":{"line":34,"column":8}},"3":{"start":{"line":37,"column":0},"end":{"line":37,"column":34}},"4":{"start":{"line":39,"column":0},"end":{"line":43,"column":2}}},"fnMap":{"0":{"name":"getOuterStyles","decl":{"start":{"line":10,"column":9},"end":{"line":10,"column":23}},"loc":{"start":{"line":10,"column":39},"end":{"line":16,"column":1}}},"1":{"name":"(anonymous_1)","decl":{"start":{"line":22,"column":14},"end":{"line":22,"column":15}},"loc":{"start":{"line":28,"column":2},"end":{"line":34,"column":8}}}},"branchMap":{},"s":{"0":4,"1":1,"2":4,"3":1,"4":1},"f":{"0":4,"1":4},"b":{},"_coverageSchema":"332fd63041d2c1bcb487cc26dd0d5f7d97098a6c","hash":"279b1fceb2662972ce3d323be92d474a98c80b9a"}
,"/Users/zacrosenbauer/PhpstormProjects/MyProjects/terranova/src/index.js": {"path":"/Users/zacrosenbauer/PhpstormProjects/MyProjects/terranova/src/index.js","statementMap":{"0":{"start":{"line":1,"column":0},"end":{"line":38,"column":39}},"1":{"start":{"line":1,"column":29},"end":{"line":1,"column":674}},"2":{"start":{"line":1,"column":78},"end":{"line":1,"column":230}},"3":{"start":{"line":1,"column":237},"end":{"line":1,"column":674}},"4":{"start":{"line":1,"column":274},"end":{"line":1,"column":477}},"5":{"start":{"line":1,"column":495},"end":{"line":1,"column":510}},"6":{"start":{"line":1,"column":511},"end":{"line":1,"column":646}},"7":{"start":{"line":1,"column":646},"end":{"line":1,"column":673}},"8":{"start":{"line":1,"column":788},"end":{"line":1,"column":850}},"9":{"start":{"line":1,"column":850},"end":{"line":1,"column":1293}},"10":{"start":{"line":1,"column":1305},"end":{"line":1,"column":1336}},"11":{"start":{"line":2,"column":10},"end":{"line":2,"column":41}},"12":{"start":{"line":3,"column":9},"end":{"line":3,"column":47}},"13":{"start":{"line":4,"column":11},"end":{"line":4,"column":43}},"14":{"start":{"line":5,"column":13},"end":{"line":5,"column":47}},"15":{"start":{"line":5,"column":62},"end":{"line":5,"column":92}},"16":{"start":{"line":5,"column":112},"end":{"line":5,"column":147}},"17":{"start":{"line":5,"column":186},"end":{"line":5,"column":240}},"18":{"start":{"line":5,"column":280},"end":{"line":5,"column":496}},"19":{"start":{"line":5,"column":308},"end":{"line":5,"column":319}},"20":{"start":{"line":5,"column":340},"end":{"line":5,"column":342}},"21":{"start":{"line":5,"column":343},"end":{"line":5,"column":460}},"22":{"start":{"line":5,"column":361},"end":{"line":5,"column":459}},"23":{"start":{"line":5,"column":383},"end":{"line":5,"column":458}},"24":{"start":{"line":5,"column":435},"end":{"line":5,"column":458}},"25":{"start":{"line":5,"column":460},"end":{"line":5,"column":481}},"26":{"start":{"line":5,"column":481},"end":{"line":5,"column":495}},"27":{"start":{"line":10,"column":19},"end":{"line":10,"column":56}},"28":{"start":{"line":11,"column":20},"end":{"line":11,"column":59}},"29":{"start":{"line":14,"column":22},"end":{"line":14,"column":64}},"30":{"start":{"line":17,"column":26},"end":{"line":17,"column":77}},"31":{"start":{"line":18,"column":29},"end":{"line":18,"column":86}},"32":{"start":{"line":19,"column":29},"end":{"line":19,"column":86}},"33":{"start":{"line":22,"column":25},"end":{"line":22,"column":77}},"34":{"start":{"line":23,"column":24},"end":{"line":23,"column":74}},"35":{"start":{"line":24,"column":24},"end":{"line":24,"column":74}},"36":{"start":{"line":25,"column":23},"end":{"line":25,"column":71}},"37":{"start":{"line":26,"column":23},"end":{"line":26,"column":71}},"38":{"start":{"line":27,"column":26},"end":{"line":27,"column":80}},"39":{"start":{"line":28,"column":29},"end":{"line":28,"column":89}},"40":{"start":{"line":29,"column":23},"end":{"line":29,"column":71}},"41":{"start":{"line":32,"column":26},"end":{"line":32,"column":78}},"42":{"start":{"line":33,"column":12},"end":{"line":33,"column":36}},"43":{"start":{"line":35,"column":19},"end":{"line":35,"column":60}},"44":{"start":{"line":38,"column":2},"end":{"line":38,"column":36}}},"fnMap":{"0":{"name":"(anonymous_0)","decl":{"start":{"line":1,"column":1},"end":{"line":1,"column":2}},"loc":{"start":{"line":1,"column":28},"end":{"line":1,"column":675}}},"1":{"name":"(anonymous_1)","decl":{"start":{"line":1,"column":683},"end":{"line":1,"column":684}},"loc":{"start":{"line":1,"column":774},"end":{"line":38,"column":37}}},"2":{"name":"_interopRequireDefault","decl":{"start":{"line":5,"column":157},"end":{"line":5,"column":179}},"loc":{"start":{"line":5,"column":185},"end":{"line":5,"column":241}}},"3":{"name":"_interopRequireWildcard","decl":{"start":{"line":5,"column":250},"end":{"line":5,"column":273}},"loc":{"start":{"line":5,"column":279},"end":{"line":5,"column":497}}}},"branchMap":{"0":{"loc":{"start":{"line":1,"column":29},"end":{"line":1,"column":674}},"type":"if","locations":[{"start":{"line":1,"column":29},"end":{"line":1,"column":674}},{"start":{"line":1,"column":29},"end":{"line":1,"column":674}}]},"1":{"loc":{"start":{"line":1,"column":33},"end":{"line":1,"column":75}},"type":"binary-expr","locations":[{"start":{"line":1,"column":33},"end":{"line":1,"column":61}},{"start":{"line":1,"column":65},"end":{"line":1,"column":75}}]},"2":{"loc":{"start":{"line":1,"column":237},"end":{"line":1,"column":674}},"type":"if","locations":[{"start":{"line":1,"column":237},"end":{"line":1,"column":674}},{"start":{"line":1,"column":237},"end":{"line":1,"column":674}}]},"3":{"loc":{"start":{"line":5,"column":193},"end":{"line":5,"column":239}},"type":"cond-expr","locations":[{"start":{"line":5,"column":217},"end":{"line":5,"column":220}},{"start":{"line":5,"column":223},"end":{"line":5,"column":239}}]},"4":{"loc":{"start":{"line":5,"column":193},"end":{"line":5,"column":214}},"type":"binary-expr","locations":[{"start":{"line":5,"column":193},"end":{"line":5,"column":196}},{"start":{"line":5,"column":200},"end":{"line":5,"column":214}}]},"5":{"loc":{"start":{"line":5,"column":280},"end":{"line":5,"column":496}},"type":"if","locations":[{"start":{"line":5,"column":280},"end":{"line":5,"column":496}},{"start":{"line":5,"column":280},"end":{"line":5,"column":496}}]},"6":{"loc":{"start":{"line":5,"column":284},"end":{"line":5,"column":305}},"type":"binary-expr","locations":[{"start":{"line":5,"column":284},"end":{"line":5,"column":287}},{"start":{"line":5,"column":291},"end":{"line":5,"column":305}}]},"7":{"loc":{"start":{"line":5,"column":343},"end":{"line":5,"column":460}},"type":"if","locations":[{"start":{"line":5,"column":343},"end":{"line":5,"column":460}},{"start":{"line":5,"column":343},"end":{"line":5,"column":460}}]},"8":{"loc":{"start":{"line":5,"column":383},"end":{"line":5,"column":458}},"type":"if","locations":[{"start":{"line":5,"column":383},"end":{"line":5,"column":458}},{"start":{"line":5,"column":383},"end":{"line":5,"column":458}}]}},"s":{"0":0,"1":0,"2":0,"3":0,"4":0,"5":0,"6":0,"7":0,"8":0,"9":0,"10":0,"11":0,"12":0,"13":0,"14":0,"15":0,"16":0,"17":0,"18":0,"19":0,"20":0,"21":0,"22":0,"23":0,"24":0,"25":0,"26":0,"27":0,"28":0,"29":0,"30":0,"31":0,"32":0,"33":0,"34":0,"35":0,"36":0,"37":0,"38":0,"39":0,"40":0,"41":0,"42":0,"43":0,"44":0},"f":{"0":0,"1":0,"2":0,"3":0},"b":{"0":[0,0],"1":[0,0],"2":[0,0],"3":[0,0],"4":[0,0],"5":[0,0],"6":[0,0],"7":[0,0],"8":[0,0]}}
,"/Users/zacrosenbauer/PhpstormProjects/MyProjects/terranova/src/google/maps/Data.js": {"path":"/Users/zacrosenbauer/PhpstormProjects/MyProjects/terranova/src/google/maps/Data.js","statementMap":{"0":{"start":{"line":11,"column":11},"end":{"line":11,"column":15}},"1":{"start":{"line":13,"column":0},"end":{"line":19,"column":1}},"2":{"start":{"line":14,"column":2},"end":{"line":14,"column":19}},"3":{"start":{"line":16,"column":2},"end":{"line":18,"column":4}},"4":{"start":{"line":17,"column":4},"end":{"line":17,"column":93}}},"fnMap":{"0":{"name":"(anonymous_0)","decl":{"start":{"line":16,"column":9},"end":{"line":16,"column":10}},"loc":{"start":{"line":16,"column":20},"end":{"line":18,"column":3}}}},"branchMap":{"0":{"loc":{"start":{"line":13,"column":0},"end":{"line":19,"column":1}},"type":"if","locations":[{"start":{"line":13,"column":0},"end":{"line":19,"column":1}},{"start":{"line":13,"column":0},"end":{"line":19,"column":1}}]},"1":{"loc":{"start":{"line":13,"column":4},"end":{"line":13,"column":27}},"type":"binary-expr","locations":[{"start":{"line":13,"column":4},"end":{"line":13,"column":14}},{"start":{"line":13,"column":18},"end":{"line":13,"column":27}}]}},"s":{"0":5,"1":5,"2":5,"3":0,"4":0},"f":{"0":0},"b":{"0":[5,0],"1":[5,5]},"_coverageSchema":"332fd63041d2c1bcb487cc26dd0d5f7d97098a6c","hash":"1ddd20296877b33d42fd1d67c3030ac658d2ab31"}
,"/Users/zacrosenbauer/PhpstormProjects/MyProjects/terranova/src/google/maps/LatLng.js": {"path":"/Users/zacrosenbauer/PhpstormProjects/MyProjects/terranova/src/google/maps/LatLng.js","statementMap":{"0":{"start":{"line":11,"column":13},"end":{"line":11,"column":17}},"1":{"start":{"line":13,"column":0},"end":{"line":19,"column":1}},"2":{"start":{"line":14,"column":2},"end":{"line":14,"column":23}},"3":{"start":{"line":16,"column":2},"end":{"line":18,"column":4}},"4":{"start":{"line":17,"column":4},"end":{"line":17,"column":95}}},"fnMap":{"0":{"name":"(anonymous_0)","decl":{"start":{"line":16,"column":11},"end":{"line":16,"column":12}},"loc":{"start":{"line":16,"column":22},"end":{"line":18,"column":3}}}},"branchMap":{"0":{"loc":{"start":{"line":13,"column":0},"end":{"line":19,"column":1}},"type":"if","locations":[{"start":{"line":13,"column":0},"end":{"line":19,"column":1}},{"start":{"line":13,"column":0},"end":{"line":19,"column":1}}]},"1":{"loc":{"start":{"line":13,"column":4},"end":{"line":13,"column":29}},"type":"binary-expr","locations":[{"start":{"line":13,"column":4},"end":{"line":13,"column":14}},{"start":{"line":13,"column":18},"end":{"line":13,"column":29}}]}},"s":{"0":3,"1":3,"2":3,"3":0,"4":0},"f":{"0":0},"b":{"0":[3,0],"1":[3,3]},"_coverageSchema":"332fd63041d2c1bcb487cc26dd0d5f7d97098a6c","hash":"f0e4a161cecc7bed28fdce5c2275670af978bee2"}
,"/Users/zacrosenbauer/PhpstormProjects/MyProjects/terranova/src/google/maps/LatLngBounds.js": {"path":"/Users/zacrosenbauer/PhpstormProjects/MyProjects/terranova/src/google/maps/LatLngBounds.js","statementMap":{"0":{"start":{"line":11,"column":13},"end":{"line":11,"column":17}},"1":{"start":{"line":13,"column":0},"end":{"line":19,"column":1}},"2":{"start":{"line":14,"column":2},"end":{"line":14,"column":29}},"3":{"start":{"line":16,"column":2},"end":{"line":18,"column":4}},"4":{"start":{"line":17,"column":4},"end":{"line":17,"column":101}}},"fnMap":{"0":{"name":"(anonymous_0)","decl":{"start":{"line":16,"column":11},"end":{"line":16,"column":12}},"loc":{"start":{"line":16,"column":22},"end":{"line":18,"column":3}}}},"branchMap":{"0":{"loc":{"start":{"line":13,"column":0},"end":{"line":19,"column":1}},"type":"if","locations":[{"start":{"line":13,"column":0},"end":{"line":19,"column":1}},{"start":{"line":13,"column":0},"end":{"line":19,"column":1}}]},"1":{"loc":{"start":{"line":13,"column":4},"end":{"line":13,"column":35}},"type":"binary-expr","locations":[{"start":{"line":13,"column":4},"end":{"line":13,"column":14}},{"start":{"line":13,"column":18},"end":{"line":13,"column":35}}]}},"s":{"0":3,"1":3,"2":3,"3":0,"4":0},"f":{"0":0},"b":{"0":[3,0],"1":[3,3]},"_coverageSchema":"332fd63041d2c1bcb487cc26dd0d5f7d97098a6c","hash":"6e0d16a165b5ed5dfdd03747547a14c4ad81b6eb"}
,"/Users/zacrosenbauer/PhpstormProjects/MyProjects/terranova/src/google/maps/Map.js": {"path":"/Users/zacrosenbauer/PhpstormProjects/MyProjects/terranova/src/google/maps/Map.js","statementMap":{"0":{"start":{"line":11,"column":10},"end":{"line":11,"column":14}},"1":{"start":{"line":13,"column":0},"end":{"line":20,"column":1}},"2":{"start":{"line":14,"column":2},"end":{"line":14,"column":17}},"3":{"start":{"line":16,"column":2},"end":{"line":19,"column":4}},"4":{"start":{"line":17,"column":4},"end":{"line":17,"column":34}},"5":{"start":{"line":18,"column":4},"end":{"line":18,"column":92}}},"fnMap":{"0":{"name":"(anonymous_0)","decl":{"start":{"line":16,"column":8},"end":{"line":16,"column":9}},"loc":{"start":{"line":16,"column":19},"end":{"line":19,"column":3}}}},"branchMap":{"0":{"loc":{"start":{"line":13,"column":0},"end":{"line":20,"column":1}},"type":"if","locations":[{"start":{"line":13,"column":0},"end":{"line":20,"column":1}},{"start":{"line":13,"column":0},"end":{"line":20,"column":1}}]},"1":{"loc":{"start":{"line":13,"column":4},"end":{"line":13,"column":26}},"type":"binary-expr","locations":[{"start":{"line":13,"column":4},"end":{"line":13,"column":14}},{"start":{"line":13,"column":18},"end":{"line":13,"column":26}}]}},"s":{"0":5,"1":5,"2":5,"3":0,"4":0,"5":0},"f":{"0":0},"b":{"0":[5,0],"1":[5,5]},"_coverageSchema":"332fd63041d2c1bcb487cc26dd0d5f7d97098a6c","hash":"3159ee607ff3416b1d0c497f80fdb09e18d85c01"}
,"/Users/zacrosenbauer/PhpstormProjects/MyProjects/terranova/src/google/maps/Point.js": {"path":"/Users/zacrosenbauer/PhpstormProjects/MyProjects/terranova/src/google/maps/Point.js","statementMap":{"0":{"start":{"line":1,"column":0},"end":{"line":21,"column":11}},"1":{"start":{"line":1,"column":29},"end":{"line":1,"column":367}},"2":{"start":{"line":1,"column":78},"end":{"line":1,"column":141}},"3":{"start":{"line":1,"column":148},"end":{"line":1,"column":367}},"4":{"start":{"line":1,"column":185},"end":{"line":1,"column":254}},"5":{"start":{"line":1,"column":272},"end":{"line":1,"column":287}},"6":{"start":{"line":1,"column":288},"end":{"line":1,"column":339}},"7":{"start":{"line":1,"column":339},"end":{"line":1,"column":366}},"8":{"start":{"line":1,"column":427},"end":{"line":1,"column":489}},"9":{"start":{"line":1,"column":503},"end":{"line":1,"column":533}},"10":{"start":{"line":1,"column":572},"end":{"line":1,"column":626}},"11":{"start":{"line":11,"column":14},"end":{"line":11,"column":18}},"12":{"start":{"line":13,"column":2},"end":{"line":19,"column":3}},"13":{"start":{"line":14,"column":4},"end":{"line":14,"column":34}},"14":{"start":{"line":16,"column":4},"end":{"line":18,"column":6}},"15":{"start":{"line":17,"column":6},"end":{"line":17,"column":96}},"16":{"start":{"line":19,"column":3},"end":{"line":21,"column":8}}},"fnMap":{"0":{"name":"(anonymous_0)","decl":{"start":{"line":1,"column":1},"end":{"line":1,"column":2}},"loc":{"start":{"line":1,"column":28},"end":{"line":1,"column":368}}},"1":{"name":"(anonymous_1)","decl":{"start":{"line":1,"column":376},"end":{"line":1,"column":377}},"loc":{"start":{"line":1,"column":413},"end":{"line":21,"column":9}}},"2":{"name":"_interopRequireDefault","decl":{"start":{"line":1,"column":543},"end":{"line":1,"column":565}},"loc":{"start":{"line":1,"column":571},"end":{"line":1,"column":627}}},"3":{"name":"Point","decl":{"start":{"line":16,"column":21},"end":{"line":16,"column":26}},"loc":{"start":{"line":16,"column":29},"end":{"line":18,"column":5}}}},"branchMap":{"0":{"loc":{"start":{"line":1,"column":29},"end":{"line":1,"column":367}},"type":"if","locations":[{"start":{"line":1,"column":29},"end":{"line":1,"column":367}},{"start":{"line":1,"column":29},"end":{"line":1,"column":367}}]},"1":{"loc":{"start":{"line":1,"column":33},"end":{"line":1,"column":75}},"type":"binary-expr","locations":[{"start":{"line":1,"column":33},"end":{"line":1,"column":61}},{"start":{"line":1,"column":65},"end":{"line":1,"column":75}}]},"2":{"loc":{"start":{"line":1,"column":148},"end":{"line":1,"column":367}},"type":"if","locations":[{"start":{"line":1,"column":148},"end":{"line":1,"column":367}},{"start":{"line":1,"column":148},"end":{"line":1,"column":367}}]},"3":{"loc":{"start":{"line":1,"column":579},"end":{"line":1,"column":625}},"type":"cond-expr","locations":[{"start":{"line":1,"column":603},"end":{"line":1,"column":606}},{"start":{"line":1,"column":609},"end":{"line":1,"column":625}}]},"4":{"loc":{"start":{"line":1,"column":579},"end":{"line":1,"column":600}},"type":"binary-expr","locations":[{"start":{"line":1,"column":579},"end":{"line":1,"column":582}},{"start":{"line":1,"column":586},"end":{"line":1,"column":600}}]},"5":{"loc":{"start":{"line":13,"column":2},"end":{"line":19,"column":3}},"type":"if","locations":[{"start":{"line":13,"column":2},"end":{"line":19,"column":3}},{"start":{"line":13,"column":2},"end":{"line":19,"column":3}}]},"6":{"loc":{"start":{"line":13,"column":6},"end":{"line":13,"column":55}},"type":"binary-expr","locations":[{"start":{"line":13,"column":6},"end":{"line":13,"column":30}},{"start":{"line":13,"column":34},"end":{"line":13,"column":55}}]}},"s":{"0":0,"1":0,"2":0,"3":0,"4":0,"5":0,"6":0,"7":0,"8":0,"9":0,"10":0,"11":0,"12":0,"13":0,"14":0,"15":0,"16":0},"f":{"0":0,"1":0,"2":0,"3":0},"b":{"0":[0,0],"1":[0,0],"2":[0,0],"3":[0,0],"4":[0,0],"5":[0,0],"6":[0,0]}}
,"/Users/zacrosenbauer/PhpstormProjects/MyProjects/terranova/src/google/maps/index.js": {"path":"/Users/zacrosenbauer/PhpstormProjects/MyProjects/terranova/src/google/maps/index.js","statementMap":{"0":{"start":{"line":1,"column":11},"end":{"line":1,"column":15}},"1":{"start":{"line":10,"column":0},"end":{"line":14,"column":1}},"2":{"start":{"line":11,"column":2},"end":{"line":11,"column":28}},"3":{"start":{"line":13,"column":2},"end":{"line":13,"column":12}}},"fnMap":{},"branchMap":{"0":{"loc":{"start":{"line":10,"column":0},"end":{"line":14,"column":1}},"type":"if","locations":[{"start":{"line":10,"column":0},"end":{"line":14,"column":1}},{"start":{"line":10,"column":0},"end":{"line":14,"column":1}}]},"1":{"loc":{"start":{"line":10,"column":4},"end":{"line":10,"column":72}},"type":"binary-expr","locations":[{"start":{"line":10,"column":4},"end":{"line":10,"column":33}},{"start":{"line":10,"column":37},"end":{"line":10,"column":50}},{"start":{"line":10,"column":54},"end":{"line":10,"column":72}}]}},"s":{"0":5,"1":5,"2":5,"3":0},"f":{},"b":{"0":[5,0],"1":[5,5,5]},"_coverageSchema":"332fd63041d2c1bcb487cc26dd0d5f7d97098a6c","hash":"3b4b7c004e5e873bd38ef5a4f8d9a945bfe37ab1"}
,"/Users/zacrosenbauer/PhpstormProjects/MyProjects/terranova/src/utils/calculations.js": {"path":"/Users/zacrosenbauer/PhpstormProjects/MyProjects/terranova/src/utils/calculations.js","statementMap":{"0":{"start":{"line":1,"column":0},"end":{"line":53,"column":56}},"1":{"start":{"line":1,"column":29},"end":{"line":1,"column":329}},"2":{"start":{"line":1,"column":78},"end":{"line":1,"column":131}},"3":{"start":{"line":1,"column":138},"end":{"line":1,"column":329}},"4":{"start":{"line":1,"column":175},"end":{"line":1,"column":225}},"5":{"start":{"line":1,"column":243},"end":{"line":1,"column":258}},"6":{"start":{"line":1,"column":259},"end":{"line":1,"column":294}},"7":{"start":{"line":1,"column":294},"end":{"line":1,"column":328}},"8":{"start":{"line":1,"column":379},"end":{"line":1,"column":441}},"9":{"start":{"line":1,"column":441},"end":{"line":31,"column":32}},"10":{"start":{"line":31,"column":46},"end":{"line":31,"column":76}},"11":{"start":{"line":31,"column":115},"end":{"line":31,"column":169}},"12":{"start":{"line":31,"column":204},"end":{"line":31,"column":355}},"13":{"start":{"line":31,"column":229},"end":{"line":31,"column":311}},"14":{"start":{"line":31,"column":293},"end":{"line":31,"column":310}},"15":{"start":{"line":31,"column":311},"end":{"line":31,"column":323}},"16":{"start":{"line":31,"column":331},"end":{"line":31,"column":354}},"17":{"start":{"line":46,"column":61},"end":{"line":46,"column":135}},"18":{"start":{"line":52,"column":194},"end":{"line":52,"column":213}},"19":{"start":{"line":52,"column":227},"end":{"line":52,"column":242}},"20":{"start":{"line":52,"column":255},"end":{"line":52,"column":281}},"21":{"start":{"line":52,"column":298},"end":{"line":52,"column":414}},"22":{"start":{"line":52,"column":427},"end":{"line":52,"column":463}},"23":{"start":{"line":52,"column":464},"end":{"line":52,"column":611}},"24":{"start":{"line":53,"column":2},"end":{"line":53,"column":53}}},"fnMap":{"0":{"name":"(anonymous_0)","decl":{"start":{"line":1,"column":1},"end":{"line":1,"column":2}},"loc":{"start":{"line":1,"column":28},"end":{"line":1,"column":330}}},"1":{"name":"(anonymous_1)","decl":{"start":{"line":1,"column":338},"end":{"line":1,"column":339}},"loc":{"start":{"line":1,"column":365},"end":{"line":53,"column":54}}},"2":{"name":"_interopRequireDefault","decl":{"start":{"line":31,"column":86},"end":{"line":31,"column":108}},"loc":{"start":{"line":31,"column":114},"end":{"line":31,"column":170}}},"3":{"name":"_toConsumableArray","decl":{"start":{"line":31,"column":179},"end":{"line":31,"column":197}},"loc":{"start":{"line":31,"column":203},"end":{"line":31,"column":356}}},"4":{"name":"calculatePointWithScale","decl":{"start":{"line":46,"column":14},"end":{"line":46,"column":37}},"loc":{"start":{"line":46,"column":60},"end":{"line":46,"column":136}}},"5":{"name":"latLngToPixel","decl":{"start":{"line":52,"column":149},"end":{"line":52,"column":162}},"loc":{"start":{"line":52,"column":176},"end":{"line":52,"column":612}}}},"branchMap":{"0":{"loc":{"start":{"line":1,"column":29},"end":{"line":1,"column":329}},"type":"if","locations":[{"start":{"line":1,"column":29},"end":{"line":1,"column":329}},{"start":{"line":1,"column":29},"end":{"line":1,"column":329}}]},"1":{"loc":{"start":{"line":1,"column":33},"end":{"line":1,"column":75}},"type":"binary-expr","locations":[{"start":{"line":1,"column":33},"end":{"line":1,"column":61}},{"start":{"line":1,"column":65},"end":{"line":1,"column":75}}]},"2":{"loc":{"start":{"line":1,"column":138},"end":{"line":1,"column":329}},"type":"if","locations":[{"start":{"line":1,"column":138},"end":{"line":1,"column":329}},{"start":{"line":1,"column":138},"end":{"line":1,"column":329}}]},"3":{"loc":{"start":{"line":31,"column":122},"end":{"line":31,"column":168}},"type":"cond-expr","locations":[{"start":{"line":31,"column":146},"end":{"line":31,"column":149}},{"start":{"line":31,"column":152},"end":{"line":31,"column":168}}]},"4":{"loc":{"start":{"line":31,"column":122},"end":{"line":31,"column":143}},"type":"binary-expr","locations":[{"start":{"line":31,"column":122},"end":{"line":31,"column":125}},{"start":{"line":31,"column":129},"end":{"line":31,"column":143}}]},"5":{"loc":{"start":{"line":31,"column":204},"end":{"line":31,"column":355}},"type":"if","locations":[{"start":{"line":31,"column":204},"end":{"line":31,"column":355}},{"start":{"line":31,"column":204},"end":{"line":31,"column":355}}]}},"s":{"0":0,"1":0,"2":0,"3":0,"4":0,"5":0,"6":0,"7":0,"8":0,"9":0,"10":0,"11":0,"12":0,"13":0,"14":0,"15":0,"16":0,"17":0,"18":0,"19":0,"20":0,"21":0,"22":0,"23":0,"24":0},"f":{"0":0,"1":0,"2":0,"3":0,"4":0,"5":0},"b":{"0":[0,0],"1":[0,0],"2":[0,0],"3":[0,0],"4":[0,0],"5":[0,0]}}
,"/Users/zacrosenbauer/PhpstormProjects/MyProjects/terranova/src/utils/events.js": {"path":"/Users/zacrosenbauer/PhpstormProjects/MyProjects/terranova/src/utils/events.js","statementMap":{"0":{"start":{"line":20,"column":2},"end":{"line":20,"column":41}},"1":{"start":{"line":28,"column":2},"end":{"line":28,"column":36}},"2":{"start":{"line":40,"column":2},"end":{"line":40,"column":60}},"3":{"start":{"line":49,"column":2},"end":{"line":49,"column":28}}},"fnMap":{"0":{"name":"getEventNamespace","decl":{"start":{"line":19,"column":16},"end":{"line":19,"column":33}},"loc":{"start":{"line":19,"column":58},"end":{"line":21,"column":1}}},"1":{"name":"ens","decl":{"start":{"line":27,"column":16},"end":{"line":27,"column":19}},"loc":{"start":{"line":27,"column":29},"end":{"line":29,"column":1}}},"2":{"name":"dispatchMapEvent","decl":{"start":{"line":39,"column":16},"end":{"line":39,"column":32}},"loc":{"start":{"line":39,"column":60},"end":{"line":41,"column":1}}},"3":{"name":"dispatch","decl":{"start":{"line":48,"column":16},"end":{"line":48,"column":24}},"loc":{"start":{"line":48,"column":34},"end":{"line":50,"column":1}}}},"branchMap":{},"s":{"0":2,"1":1,"2":2,"3":1},"f":{"0":2,"1":1,"2":2,"3":1},"b":{},"_coverageSchema":"332fd63041d2c1bcb487cc26dd0d5f7d97098a6c","hash":"5d7d0deae5569b28c5bf63bf4d30fc095364a295"}
,"/Users/zacrosenbauer/PhpstormProjects/MyProjects/terranova/src/utils/features.js": {"path":"/Users/zacrosenbauer/PhpstormProjects/MyProjects/terranova/src/utils/features.js","statementMap":{"0":{"start":{"line":39,"column":25},"end":{"line":39,"column":66}},"1":{"start":{"line":45,"column":24},"end":{"line":45,"column":64}},"2":{"start":{"line":51,"column":30},"end":{"line":55,"column":1}},"3":{"start":{"line":64,"column":2},"end":{"line":80,"column":5}},"4":{"start":{"line":65,"column":4},"end":{"line":79,"column":7}},"5":{"start":{"line":66,"column":26},"end":{"line":66,"column":27}},"6":{"start":{"line":67,"column":23},"end":{"line":67,"column":46}},"7":{"start":{"line":68,"column":19},"end":{"line":68,"column":80}},"8":{"start":{"line":70,"column":6},"end":{"line":73,"column":7}},"9":{"start":{"line":72,"column":8},"end":{"line":72,"column":72}},"10":{"start":{"line":75,"column":6},"end":{"line":78,"column":7}},"11":{"start":{"line":77,"column":8},"end":{"line":77,"column":66}},"12":{"start":{"line":88,"column":2},"end":{"line":90,"column":3}},"13":{"start":{"line":89,"column":4},"end":{"line":89,"column":16}},"14":{"start":{"line":92,"column":2},"end":{"line":92,"column":47}},"15":{"start":{"line":101,"column":2},"end":{"line":103,"column":3}},"16":{"start":{"line":102,"column":4},"end":{"line":102,"column":16}},"17":{"start":{"line":105,"column":2},"end":{"line":105,"column":65}},"18":{"start":{"line":114,"column":2},"end":{"line":116,"column":3}},"19":{"start":{"line":115,"column":4},"end":{"line":115,"column":14}},"20":{"start":{"line":118,"column":2},"end":{"line":118,"column":38}},"21":{"start":{"line":127,"column":2},"end":{"line":129,"column":3}},"22":{"start":{"line":128,"column":4},"end":{"line":128,"column":16}},"23":{"start":{"line":131,"column":2},"end":{"line":131,"column":54}},"24":{"start":{"line":141,"column":2},"end":{"line":141,"column":39}},"25":{"start":{"line":151,"column":2},"end":{"line":156,"column":3}},"26":{"start":{"line":152,"column":4},"end":{"line":155,"column":7}},"27":{"start":{"line":166,"column":2},"end":{"line":168,"column":3}},"28":{"start":{"line":167,"column":4},"end":{"line":167,"column":39}},"29":{"start":{"line":180,"column":45},"end":{"line":180,"column":52}},"30":{"start":{"line":181,"column":22},"end":{"line":181,"column":79}},"31":{"start":{"line":183,"column":2},"end":{"line":193,"column":3}},"32":{"start":{"line":184,"column":4},"end":{"line":192,"column":7}},"33":{"start":{"line":195,"column":2},"end":{"line":203,"column":5}},"34":{"start":{"line":215,"column":15},"end":{"line":215,"column":33}},"35":{"start":{"line":219,"column":2},"end":{"line":225,"column":3}},"36":{"start":{"line":220,"column":4},"end":{"line":224,"column":8}},"37":{"start":{"line":221,"column":6},"end":{"line":223,"column":7}},"38":{"start":{"line":222,"column":8},"end":{"line":222,"column":29}},"39":{"start":{"line":228,"column":2},"end":{"line":233,"column":5}},"40":{"start":{"line":229,"column":4},"end":{"line":231,"column":5}},"41":{"start":{"line":230,"column":6},"end":{"line":230,"column":13}},"42":{"start":{"line":232,"column":4},"end":{"line":232,"column":54}},"43":{"start":{"line":243,"column":2},"end":{"line":249,"column":3}},"44":{"start":{"line":244,"column":4},"end":{"line":246,"column":7}},"45":{"start":{"line":245,"column":6},"end":{"line":245,"column":70}},"46":{"start":{"line":247,"column":4},"end":{"line":247,"column":21}},"47":{"start":{"line":248,"column":4},"end":{"line":248,"column":31}},"48":{"start":{"line":259,"column":17},"end":{"line":259,"column":19}},"49":{"start":{"line":261,"column":2},"end":{"line":263,"column":3}},"50":{"start":{"line":262,"column":4},"end":{"line":262,"column":18}},"51":{"start":{"line":265,"column":2},"end":{"line":269,"column":5}},"52":{"start":{"line":266,"column":4},"end":{"line":268,"column":5}},"53":{"start":{"line":267,"column":6},"end":{"line":267,"column":26}},"54":{"start":{"line":271,"column":2},"end":{"line":271,"column":16}},"55":{"start":{"line":281,"column":20},"end":{"line":281,"column":38}},"56":{"start":{"line":283,"column":2},"end":{"line":293,"column":5}},"57":{"start":{"line":284,"column":4},"end":{"line":292,"column":5}},"58":{"start":{"line":285,"column":6},"end":{"line":291,"column":7}},"59":{"start":{"line":286,"column":8},"end":{"line":288,"column":11}},"60":{"start":{"line":287,"column":10},"end":{"line":287,"column":44}},"61":{"start":{"line":290,"column":8},"end":{"line":290,"column":47}},"62":{"start":{"line":295,"column":2},"end":{"line":295,"column":19}}},"fnMap":{"0":{"name":"handleFeatureEvents","decl":{"start":{"line":63,"column":16},"end":{"line":63,"column":35}},"loc":{"start":{"line":63,"column":57},"end":{"line":81,"column":1}}},"1":{"name":"(anonymous_1)","decl":{"start":{"line":64,"column":26},"end":{"line":64,"column":27}},"loc":{"start":{"line":64,"column":41},"end":{"line":80,"column":3}}},"2":{"name":"(anonymous_2)","decl":{"start":{"line":65,"column":46},"end":{"line":65,"column":47}},"loc":{"start":{"line":65,"column":53},"end":{"line":79,"column":5}}},"3":{"name":"getFeatureTypesByMapId","decl":{"start":{"line":87,"column":16},"end":{"line":87,"column":38}},"loc":{"start":{"line":87,"column":60},"end":{"line":93,"column":1}}},"4":{"name":"getFeatureTypeByName","decl":{"start":{"line":100,"column":16},"end":{"line":100,"column":36}},"loc":{"start":{"line":100,"column":84},"end":{"line":106,"column":1}}},"5":{"name":"getFeatureType","decl":{"start":{"line":113,"column":16},"end":{"line":113,"column":30}},"loc":{"start":{"line":113,"column":56},"end":{"line":119,"column":1}}},"6":{"name":"getFeatureByMapId","decl":{"start":{"line":126,"column":16},"end":{"line":126,"column":33}},"loc":{"start":{"line":126,"column":77},"end":{"line":132,"column":1}}},"7":{"name":"getFeatureState","decl":{"start":{"line":140,"column":16},"end":{"line":140,"column":31}},"loc":{"start":{"line":140,"column":57},"end":{"line":142,"column":1}}},"8":{"name":"setFeatureState","decl":{"start":{"line":150,"column":16},"end":{"line":150,"column":31}},"loc":{"start":{"line":150,"column":74},"end":{"line":157,"column":1}}},"9":{"name":"setFeatureType","decl":{"start":{"line":165,"column":16},"end":{"line":165,"column":30}},"loc":{"start":{"line":165,"column":68},"end":{"line":169,"column":1}}},"10":{"name":"transformToValidFeature","decl":{"start":{"line":179,"column":9},"end":{"line":179,"column":32}},"loc":{"start":{"line":179,"column":70},"end":{"line":204,"column":1}}},"11":{"name":"updateFeatures","decl":{"start":{"line":214,"column":16},"end":{"line":214,"column":30}},"loc":{"start":{"line":214,"column":86},"end":{"line":234,"column":1}}},"12":{"name":"(anonymous_12)","decl":{"start":{"line":220,"column":18},"end":{"line":220,"column":19}},"loc":{"start":{"line":220,"column":31},"end":{"line":224,"column":5}}},"13":{"name":"(anonymous_13)","decl":{"start":{"line":228,"column":24},"end":{"line":228,"column":25}},"loc":{"start":{"line":228,"column":37},"end":{"line":233,"column":3}}},"14":{"name":"addFeatures","decl":{"start":{"line":242,"column":16},"end":{"line":242,"column":27}},"loc":{"start":{"line":242,"column":73},"end":{"line":250,"column":1}}},"15":{"name":"(anonymous_15)","decl":{"start":{"line":244,"column":22},"end":{"line":244,"column":23}},"loc":{"start":{"line":244,"column":35},"end":{"line":246,"column":5}}},"16":{"name":"getFeatureProperties","decl":{"start":{"line":258,"column":16},"end":{"line":258,"column":36}},"loc":{"start":{"line":258,"column":54},"end":{"line":272,"column":1}}},"17":{"name":"(anonymous_17)","decl":{"start":{"line":265,"column":26},"end":{"line":265,"column":27}},"loc":{"start":{"line":265,"column":42},"end":{"line":269,"column":3}}},"18":{"name":"getFeatureBounds","decl":{"start":{"line":280,"column":16},"end":{"line":280,"column":32}},"loc":{"start":{"line":280,"column":84},"end":{"line":296,"column":1}}},"19":{"name":"(anonymous_19)","decl":{"start":{"line":283,"column":20},"end":{"line":283,"column":21}},"loc":{"start":{"line":283,"column":50},"end":{"line":293,"column":3}}},"20":{"name":"(anonymous_20)","decl":{"start":{"line":286,"column":35},"end":{"line":286,"column":36}},"loc":{"start":{"line":286,"column":44},"end":{"line":288,"column":9}}}},"branchMap":{"0":{"loc":{"start":{"line":70,"column":6},"end":{"line":73,"column":7}},"type":"if","locations":[{"start":{"line":70,"column":6},"end":{"line":73,"column":7}},{"start":{"line":70,"column":6},"end":{"line":73,"column":7}}]},"1":{"loc":{"start":{"line":75,"column":6},"end":{"line":78,"column":7}},"type":"if","locations":[{"start":{"line":75,"column":6},"end":{"line":78,"column":7}},{"start":{"line":75,"column":6},"end":{"line":78,"column":7}}]},"2":{"loc":{"start":{"line":88,"column":2},"end":{"line":90,"column":3}},"type":"if","locations":[{"start":{"line":88,"column":2},"end":{"line":90,"column":3}},{"start":{"line":88,"column":2},"end":{"line":90,"column":3}}]},"3":{"loc":{"start":{"line":92,"column":9},"end":{"line":92,"column":46}},"type":"binary-expr","locations":[{"start":{"line":92,"column":9},"end":{"line":92,"column":38}},{"start":{"line":92,"column":42},"end":{"line":92,"column":46}}]},"4":{"loc":{"start":{"line":101,"column":2},"end":{"line":103,"column":3}},"type":"if","locations":[{"start":{"line":101,"column":2},"end":{"line":103,"column":3}},{"start":{"line":101,"column":2},"end":{"line":103,"column":3}}]},"5":{"loc":{"start":{"line":105,"column":9},"end":{"line":105,"column":64}},"type":"binary-expr","locations":[{"start":{"line":105,"column":9},"end":{"line":105,"column":56}},{"start":{"line":105,"column":60},"end":{"line":105,"column":64}}]},"6":{"loc":{"start":{"line":114,"column":2},"end":{"line":116,"column":3}},"type":"if","locations":[{"start":{"line":114,"column":2},"end":{"line":116,"column":3}},{"start":{"line":114,"column":2},"end":{"line":116,"column":3}}]},"7":{"loc":{"start":{"line":127,"column":2},"end":{"line":129,"column":3}},"type":"if","locations":[{"start":{"line":127,"column":2},"end":{"line":129,"column":3}},{"start":{"line":127,"column":2},"end":{"line":129,"column":3}}]},"8":{"loc":{"start":{"line":151,"column":2},"end":{"line":156,"column":3}},"type":"if","locations":[{"start":{"line":151,"column":2},"end":{"line":156,"column":3}},{"start":{"line":151,"column":2},"end":{"line":156,"column":3}}]},"9":{"loc":{"start":{"line":166,"column":2},"end":{"line":168,"column":3}},"type":"if","locations":[{"start":{"line":166,"column":2},"end":{"line":168,"column":3}},{"start":{"line":166,"column":2},"end":{"line":168,"column":3}}]},"10":{"loc":{"start":{"line":183,"column":2},"end":{"line":193,"column":3}},"type":"if","locations":[{"start":{"line":183,"column":2},"end":{"line":193,"column":3}},{"start":{"line":183,"column":2},"end":{"line":193,"column":3}}]},"11":{"loc":{"start":{"line":189,"column":20},"end":{"line":189,"column":63}},"type":"cond-expr","locations":[{"start":{"line":189,"column":34},"end":{"line":189,"column":58}},{"start":{"line":189,"column":61},"end":{"line":189,"column":63}}]},"12":{"loc":{"start":{"line":200,"column":18},"end":{"line":200,"column":61}},"type":"cond-expr","locations":[{"start":{"line":200,"column":32},"end":{"line":200,"column":56}},{"start":{"line":200,"column":59},"end":{"line":200,"column":61}}]},"13":{"loc":{"start":{"line":214,"column":46},"end":{"line":214,"column":78}},"type":"default-arg","locations":[{"start":{"line":214,"column":76},"end":{"line":214,"column":78}}]},"14":{"loc":{"start":{"line":219,"column":2},"end":{"line":225,"column":3}},"type":"if","locations":[{"start":{"line":219,"column":2},"end":{"line":225,"column":3}},{"start":{"line":219,"column":2},"end":{"line":225,"column":3}}]},"15":{"loc":{"start":{"line":219,"column":6},"end":{"line":219,"column":25}},"type":"binary-expr","locations":[{"start":{"line":219,"column":6},"end":{"line":219,"column":10}},{"start":{"line":219,"column":14},"end":{"line":219,"column":25}}]},"16":{"loc":{"start":{"line":221,"column":6},"end":{"line":223,"column":7}},"type":"if","locations":[{"start":{"line":221,"column":6},"end":{"line":223,"column":7}},{"start":{"line":221,"column":6},"end":{"line":223,"column":7}}]},"17":{"loc":{"start":{"line":229,"column":4},"end":{"line":231,"column":5}},"type":"if","locations":[{"start":{"line":229,"column":4},"end":{"line":231,"column":5}},{"start":{"line":229,"column":4},"end":{"line":231,"column":5}}]},"18":{"loc":{"start":{"line":242,"column":43},"end":{"line":242,"column":71}},"type":"default-arg","locations":[{"start":{"line":242,"column":69},"end":{"line":242,"column":71}}]},"19":{"loc":{"start":{"line":243,"column":2},"end":{"line":249,"column":3}},"type":"if","locations":[{"start":{"line":243,"column":2},"end":{"line":249,"column":3}},{"start":{"line":243,"column":2},"end":{"line":249,"column":3}}]},"20":{"loc":{"start":{"line":261,"column":2},"end":{"line":263,"column":3}},"type":"if","locations":[{"start":{"line":261,"column":2},"end":{"line":263,"column":3}},{"start":{"line":261,"column":2},"end":{"line":263,"column":3}}]},"21":{"loc":{"start":{"line":266,"column":4},"end":{"line":268,"column":5}},"type":"if","locations":[{"start":{"line":266,"column":4},"end":{"line":268,"column":5}},{"start":{"line":266,"column":4},"end":{"line":268,"column":5}}]},"22":{"loc":{"start":{"line":280,"column":33},"end":{"line":280,"column":61}},"type":"default-arg","locations":[{"start":{"line":280,"column":59},"end":{"line":280,"column":61}}]},"23":{"loc":{"start":{"line":284,"column":4},"end":{"line":292,"column":5}},"type":"if","locations":[{"start":{"line":284,"column":4},"end":{"line":292,"column":5}},{"start":{"line":284,"column":4},"end":{"line":292,"column":5}}]},"24":{"loc":{"start":{"line":285,"column":6},"end":{"line":291,"column":7}},"type":"if","locations":[{"start":{"line":285,"column":6},"end":{"line":291,"column":7}},{"start":{"line":285,"column":6},"end":{"line":291,"column":7}}]}},"s":{"0":3,"1":3,"2":3,"3":0,"4":0,"5":0,"6":0,"7":0,"8":0,"9":0,"10":0,"11":0,"12":0,"13":0,"14":0,"15":0,"16":0,"17":0,"18":0,"19":0,"20":0,"21":2,"22":1,"23":1,"24":0,"25":0,"26":0,"27":0,"28":0,"29":0,"30":0,"31":0,"32":0,"33":0,"34":1,"35":1,"36":0,"37":0,"38":0,"39":1,"40":0,"41":0,"42":0,"43":0,"44":0,"45":0,"46":0,"47":0,"48":0,"49":0,"50":0,"51":0,"52":0,"53":0,"54":0,"55":0,"56":0,"57":0,"58":0,"59":0,"60":0,"61":0,"62":0},"f":{"0":0,"1":0,"2":0,"3":0,"4":0,"5":0,"6":2,"7":0,"8":0,"9":0,"10":0,"11":1,"12":0,"13":0,"14":0,"15":0,"16":0,"17":0,"18":0,"19":0,"20":0},"b":{"0":[0,0],"1":[0,0],"2":[0,0],"3":[0,0],"4":[0,0],"5":[0,0],"6":[0,0],"7":[1,1],"8":[0,0],"9":[0,0],"10":[0,0],"11":[0,0],"12":[0,0],"13":[0],"14":[0,1],"15":[1,0],"16":[0,0],"17":[0,0],"18":[0],"19":[0,0],"20":[0,0],"21":[0,0],"22":[0],"23":[0,0],"24":[0,0]},"_coverageSchema":"332fd63041d2c1bcb487cc26dd0d5f7d97098a6c","hash":"dd7b6928cd6c215de9f08b20632df09bed26ca6b"}
,"/Users/zacrosenbauer/PhpstormProjects/MyProjects/terranova/src/utils/general.js": {"path":"/Users/zacrosenbauer/PhpstormProjects/MyProjects/terranova/src/utils/general.js","statementMap":{"0":{"start":{"line":13,"column":2},"end":{"line":13,"column":39}},"1":{"start":{"line":21,"column":2},"end":{"line":21,"column":74}}},"fnMap":{"0":{"name":"isClient","decl":{"start":{"line":12,"column":16},"end":{"line":12,"column":24}},"loc":{"start":{"line":12,"column":27},"end":{"line":14,"column":1}}},"1":{"name":"isServer","decl":{"start":{"line":20,"column":16},"end":{"line":20,"column":24}},"loc":{"start":{"line":20,"column":27},"end":{"line":22,"column":1}}}},"branchMap":{"0":{"loc":{"start":{"line":21,"column":9},"end":{"line":21,"column":73}},"type":"binary-expr","locations":[{"start":{"line":21,"column":9},"end":{"line":21,"column":35}},{"start":{"line":21,"column":39},"end":{"line":21,"column":73}}]}},"s":{"0":17,"1":1},"f":{"0":17,"1":1},"b":{"0":[1,1]},"_coverageSchema":"332fd63041d2c1bcb487cc26dd0d5f7d97098a6c","hash":"f329b4cbba885fc22b3063a4c92fa52a1dab69af"}
,"/Users/zacrosenbauer/PhpstormProjects/MyProjects/terranova/src/utils/style.js": {"path":"/Users/zacrosenbauer/PhpstormProjects/MyProjects/terranova/src/utils/style.js","statementMap":{"0":{"start":{"line":32,"column":2},"end":{"line":32,"column":81}},"1":{"start":{"line":32,"column":64},"end":{"line":32,"column":79}},"2":{"start":{"line":42,"column":2},"end":{"line":50,"column":3}},"3":{"start":{"line":43,"column":18},"end":{"line":43,"column":51}},"4":{"start":{"line":45,"column":4},"end":{"line":49,"column":5}},"5":{"start":{"line":46,"column":6},"end":{"line":46,"column":60}},"6":{"start":{"line":48,"column":6},"end":{"line":48,"column":95}},"7":{"start":{"line":60,"column":2},"end":{"line":66,"column":3}},"8":{"start":{"line":61,"column":18},"end":{"line":61,"column":51}},"9":{"start":{"line":63,"column":4},"end":{"line":65,"column":5}},"10":{"start":{"line":64,"column":6},"end":{"line":64,"column":47}},"11":{"start":{"line":75,"column":2},"end":{"line":77,"column":3}},"12":{"start":{"line":76,"column":4},"end":{"line":76,"column":14}},"13":{"start":{"line":79,"column":2},"end":{"line":79,"column":45}},"14":{"start":{"line":88,"column":2},"end":{"line":90,"column":3}},"15":{"start":{"line":89,"column":4},"end":{"line":89,"column":45}},"16":{"start":{"line":99,"column":24},"end":{"line":99,"column":53}},"17":{"start":{"line":101,"column":2},"end":{"line":128,"column":5}},"18":{"start":{"line":102,"column":17},"end":{"line":102,"column":77}},"19":{"start":{"line":107,"column":25},"end":{"line":107,"column":29}},"20":{"start":{"line":108,"column":28},"end":{"line":108,"column":53}},"21":{"start":{"line":109,"column":4},"end":{"line":117,"column":5}},"22":{"start":{"line":110,"column":6},"end":{"line":116,"column":9}},"23":{"start":{"line":111,"column":8},"end":{"line":111,"column":43}},"24":{"start":{"line":113,"column":8},"end":{"line":115,"column":9}},"25":{"start":{"line":114,"column":10},"end":{"line":114,"column":17}},"26":{"start":{"line":119,"column":4},"end":{"line":121,"column":5}},"27":{"start":{"line":120,"column":6},"end":{"line":120,"column":28}},"28":{"start":{"line":123,"column":4},"end":{"line":125,"column":5}},"29":{"start":{"line":124,"column":6},"end":{"line":124,"column":37}},"30":{"start":{"line":127,"column":4},"end":{"line":127,"column":16}}},"fnMap":{"0":{"name":"getSetStyleIndex","decl":{"start":{"line":31,"column":9},"end":{"line":31,"column":25}},"loc":{"start":{"line":31,"column":43},"end":{"line":33,"column":1}}},"1":{"name":"(anonymous_1)","decl":{"start":{"line":32,"column":56},"end":{"line":32,"column":57}},"loc":{"start":{"line":32,"column":64},"end":{"line":32,"column":79}}},"2":{"name":"addStylesModifier","decl":{"start":{"line":41,"column":16},"end":{"line":41,"column":33}},"loc":{"start":{"line":41,"column":51},"end":{"line":51,"column":1}}},"3":{"name":"removeStylesModifier","decl":{"start":{"line":59,"column":16},"end":{"line":59,"column":36}},"loc":{"start":{"line":59,"column":54},"end":{"line":67,"column":1}}},"4":{"name":"getStylesModifiers","decl":{"start":{"line":74,"column":16},"end":{"line":74,"column":34}},"loc":{"start":{"line":74,"column":42},"end":{"line":80,"column":1}}},"5":{"name":"clearStylesModifiers","decl":{"start":{"line":87,"column":16},"end":{"line":87,"column":36}},"loc":{"start":{"line":87,"column":44},"end":{"line":91,"column":1}}},"6":{"name":"addStyles","decl":{"start":{"line":98,"column":16},"end":{"line":98,"column":25}},"loc":{"start":{"line":98,"column":33},"end":{"line":129,"column":1}}},"7":{"name":"(anonymous_7)","decl":{"start":{"line":101,"column":30},"end":{"line":101,"column":31}},"loc":{"start":{"line":101,"column":43},"end":{"line":128,"column":3}}},"8":{"name":"(anonymous_8)","decl":{"start":{"line":110,"column":31},"end":{"line":110,"column":32}},"loc":{"start":{"line":110,"column":45},"end":{"line":116,"column":7}}}},"branchMap":{"0":{"loc":{"start":{"line":42,"column":2},"end":{"line":50,"column":3}},"type":"if","locations":[{"start":{"line":42,"column":2},"end":{"line":50,"column":3}},{"start":{"line":42,"column":2},"end":{"line":50,"column":3}}]},"1":{"loc":{"start":{"line":45,"column":4},"end":{"line":49,"column":5}},"type":"if","locations":[{"start":{"line":45,"column":4},"end":{"line":49,"column":5}},{"start":{"line":45,"column":4},"end":{"line":49,"column":5}}]},"2":{"loc":{"start":{"line":60,"column":2},"end":{"line":66,"column":3}},"type":"if","locations":[{"start":{"line":60,"column":2},"end":{"line":66,"column":3}},{"start":{"line":60,"column":2},"end":{"line":66,"column":3}}]},"3":{"loc":{"start":{"line":63,"column":4},"end":{"line":65,"column":5}},"type":"if","locations":[{"start":{"line":63,"column":4},"end":{"line":65,"column":5}},{"start":{"line":63,"column":4},"end":{"line":65,"column":5}}]},"4":{"loc":{"start":{"line":75,"column":2},"end":{"line":77,"column":3}},"type":"if","locations":[{"start":{"line":75,"column":2},"end":{"line":77,"column":3}},{"start":{"line":75,"column":2},"end":{"line":77,"column":3}}]},"5":{"loc":{"start":{"line":88,"column":2},"end":{"line":90,"column":3}},"type":"if","locations":[{"start":{"line":88,"column":2},"end":{"line":90,"column":3}},{"start":{"line":88,"column":2},"end":{"line":90,"column":3}}]},"6":{"loc":{"start":{"line":109,"column":4},"end":{"line":117,"column":5}},"type":"if","locations":[{"start":{"line":109,"column":4},"end":{"line":117,"column":5}},{"start":{"line":109,"column":4},"end":{"line":117,"column":5}}]},"7":{"loc":{"start":{"line":113,"column":8},"end":{"line":115,"column":9}},"type":"if","locations":[{"start":{"line":113,"column":8},"end":{"line":115,"column":9}},{"start":{"line":113,"column":8},"end":{"line":115,"column":9}}]},"8":{"loc":{"start":{"line":119,"column":4},"end":{"line":121,"column":5}},"type":"if","locations":[{"start":{"line":119,"column":4},"end":{"line":121,"column":5}},{"start":{"line":119,"column":4},"end":{"line":121,"column":5}}]},"9":{"loc":{"start":{"line":123,"column":4},"end":{"line":125,"column":5}},"type":"if","locations":[{"start":{"line":123,"column":4},"end":{"line":125,"column":5}},{"start":{"line":123,"column":4},"end":{"line":125,"column":5}}]}},"s":{"0":0,"1":0,"2":0,"3":0,"4":0,"5":0,"6":0,"7":0,"8":0,"9":0,"10":0,"11":0,"12":0,"13":0,"14":0,"15":0,"16":0,"17":0,"18":0,"19":0,"20":0,"21":0,"22":0,"23":0,"24":0,"25":0,"26":0,"27":0,"28":0,"29":0,"30":0},"f":{"0":0,"1":0,"2":0,"3":0,"4":0,"5":0,"6":0,"7":0,"8":0},"b":{"0":[0,0],"1":[0,0],"2":[0,0],"3":[0,0],"4":[0,0],"5":[0,0],"6":[0,0],"7":[0,0],"8":[0,0],"9":[0,0]},"_coverageSchema":"332fd63041d2c1bcb487cc26dd0d5f7d97098a6c","hash":"636558cbe271213fcdfcde115c5910a977f1566e"}
,"/Users/zacrosenbauer/PhpstormProjects/MyProjects/terranova/src/utils/terra.js": {"path":"/Users/zacrosenbauer/PhpstormProjects/MyProjects/terranova/src/utils/terra.js","statementMap":{"0":{"start":{"line":48,"column":44},"end":{"line":48,"column":46}},"1":{"start":{"line":68,"column":14},"end":{"line":68,"column":16}},"2":{"start":{"line":79,"column":2},"end":{"line":79,"column":28}},"3":{"start":{"line":90,"column":2},"end":{"line":92,"column":3}},"4":{"start":{"line":91,"column":4},"end":{"line":91,"column":16}},"5":{"start":{"line":94,"column":2},"end":{"line":94,"column":19}},"6":{"start":{"line":102,"column":2},"end":{"line":104,"column":3}},"7":{"start":{"line":103,"column":4},"end":{"line":103,"column":16}},"8":{"start":{"line":106,"column":2},"end":{"line":106,"column":23}},"9":{"start":{"line":114,"column":2},"end":{"line":116,"column":3}},"10":{"start":{"line":115,"column":4},"end":{"line":115,"column":16}},"11":{"start":{"line":118,"column":2},"end":{"line":118,"column":28}},"12":{"start":{"line":133,"column":2},"end":{"line":135,"column":3}},"13":{"start":{"line":134,"column":4},"end":{"line":134,"column":61}},"14":{"start":{"line":137,"column":13},"end":{"line":137,"column":45}},"15":{"start":{"line":139,"column":2},"end":{"line":146,"column":3}},"16":{"start":{"line":140,"column":4},"end":{"line":144,"column":6}},"17":{"start":{"line":145,"column":4},"end":{"line":145,"column":11}},"18":{"start":{"line":155,"column":2},"end":{"line":157,"column":3}},"19":{"start":{"line":156,"column":4},"end":{"line":156,"column":21}}},"fnMap":{"0":{"name":"terraExists","decl":{"start":{"line":78,"column":16},"end":{"line":78,"column":27}},"loc":{"start":{"line":78,"column":32},"end":{"line":80,"column":1}}},"1":{"name":"getTerraById","decl":{"start":{"line":89,"column":16},"end":{"line":89,"column":28}},"loc":{"start":{"line":89,"column":33},"end":{"line":95,"column":1}}},"2":{"name":"getMapById","decl":{"start":{"line":101,"column":16},"end":{"line":101,"column":26}},"loc":{"start":{"line":101,"column":31},"end":{"line":107,"column":1}}},"3":{"name":"getDataById","decl":{"start":{"line":113,"column":16},"end":{"line":113,"column":27}},"loc":{"start":{"line":113,"column":32},"end":{"line":119,"column":1}}},"4":{"name":"createTerra","decl":{"start":{"line":132,"column":16},"end":{"line":132,"column":27}},"loc":{"start":{"line":132,"column":87},"end":{"line":147,"column":1}}},"5":{"name":"destroyTerra","decl":{"start":{"line":154,"column":16},"end":{"line":154,"column":28}},"loc":{"start":{"line":154,"column":33},"end":{"line":158,"column":1}}}},"branchMap":{"0":{"loc":{"start":{"line":90,"column":2},"end":{"line":92,"column":3}},"type":"if","locations":[{"start":{"line":90,"column":2},"end":{"line":92,"column":3}},{"start":{"line":90,"column":2},"end":{"line":92,"column":3}}]},"1":{"loc":{"start":{"line":102,"column":2},"end":{"line":104,"column":3}},"type":"if","locations":[{"start":{"line":102,"column":2},"end":{"line":104,"column":3}},{"start":{"line":102,"column":2},"end":{"line":104,"column":3}}]},"2":{"loc":{"start":{"line":114,"column":2},"end":{"line":116,"column":3}},"type":"if","locations":[{"start":{"line":114,"column":2},"end":{"line":116,"column":3}},{"start":{"line":114,"column":2},"end":{"line":116,"column":3}}]},"3":{"loc":{"start":{"line":132,"column":32},"end":{"line":132,"column":44}},"type":"default-arg","locations":[{"start":{"line":132,"column":42},"end":{"line":132,"column":44}}]},"4":{"loc":{"start":{"line":132,"column":46},"end":{"line":132,"column":63}},"type":"default-arg","locations":[{"start":{"line":132,"column":61},"end":{"line":132,"column":63}}]},"5":{"loc":{"start":{"line":132,"column":65},"end":{"line":132,"column":85}},"type":"default-arg","locations":[{"start":{"line":132,"column":83},"end":{"line":132,"column":85}}]},"6":{"loc":{"start":{"line":133,"column":2},"end":{"line":135,"column":3}},"type":"if","locations":[{"start":{"line":133,"column":2},"end":{"line":135,"column":3}},{"start":{"line":133,"column":2},"end":{"line":135,"column":3}}]},"7":{"loc":{"start":{"line":139,"column":2},"end":{"line":146,"column":3}},"type":"if","locations":[{"start":{"line":139,"column":2},"end":{"line":146,"column":3}},{"start":{"line":139,"column":2},"end":{"line":146,"column":3}}]},"8":{"loc":{"start":{"line":155,"column":2},"end":{"line":157,"column":3}},"type":"if","locations":[{"start":{"line":155,"column":2},"end":{"line":157,"column":3}},{"start":{"line":155,"column":2},"end":{"line":157,"column":3}}]}},"s":{"0":5,"1":5,"2":17,"3":5,"4":3,"5":2,"6":4,"7":3,"8":1,"9":4,"10":2,"11":2,"12":15,"13":1,"14":14,"15":14,"16":14,"17":14,"18":15,"19":14},"f":{"0":17,"1":5,"2":4,"3":4,"4":15,"5":15},"b":{"0":[3,2],"1":[3,1],"2":[2,2],"3":[15],"4":[15],"5":[15],"6":[1,14],"7":[14,0],"8":[14,1]},"_coverageSchema":"332fd63041d2c1bcb487cc26dd0d5f7d97098a6c","hash":"d5fa33303be1d41abe1cf8832988023b6f37ea0f"}
}
