TN:
SF:/Users/zacrosenbauer/PhpstormProjects/MyProjects/terranova/src/InfoWindow.jsx
FN:1,(anonymous_0)
FN:1,(anonymous_1)
FN:1,_interopRequireDefault
FN:1,(anonymous_3)
FN:1,_classCallCheck
FN:1,(anonymous_5)
FN:1,defineProperties
FN:1,(anonymous_7)
FN:1,_possibleConstructorReturn
FN:1,_inherits
FN:21,getInfoWindowByFeature
FN:33,(anonymous_11)
FN:50,InfoWindow
FN:73,render
FNF:14
FNH:0
FNDA:0,(anonymous_0)
FNDA:0,(anonymous_1)
FNDA:0,_interopRequireDefault
FNDA:0,(anonymous_3)
FNDA:0,_classCallCheck
FNDA:0,(anonymous_5)
FNDA:0,defineProperties
FNDA:0,(anonymous_7)
FNDA:0,_possibleConstructorReturn
FNDA:0,_inherits
FNDA:0,getInfoWindowByFeature
FNDA:0,(anonymous_11)
FNDA:0,InfoWindow
FNDA:0,render
DA:1,0
DA:22,0
DA:23,0
DA:26,0
DA:33,0
DA:50,0
DA:51,0
DA:68,0
DA:73,0
DA:77,0
DA:78,0
DA:86,0
DA:88,0
DA:90,0
DA:105,0
LF:15
LH:0
BRDA:1,0,0,0
BRDA:1,0,1,0
BRDA:1,1,0,0
BRDA:1,1,1,0
BRDA:1,2,0,0
BRDA:1,2,1,0
BRDA:1,3,0,0
BRDA:1,3,1,0
BRDA:1,4,0,0
BRDA:1,4,1,0
BRDA:1,5,0,0
BRDA:1,5,1,0
BRDA:1,6,0,0
BRDA:1,6,1,0
BRDA:1,7,0,0
BRDA:1,7,1,0
BRDA:1,8,0,0
BRDA:1,8,1,0
BRDA:1,9,0,0
BRDA:1,9,1,0
BRDA:1,10,0,0
BRDA:1,10,1,0
BRDA:1,11,0,0
BRDA:1,11,1,0
BRDA:1,12,0,0
BRDA:1,12,1,0
BRDA:1,13,0,0
BRDA:1,13,1,0
BRDA:1,14,0,0
BRDA:1,14,1,0
BRDA:1,14,2,0
BRDA:1,15,0,0
BRDA:1,15,1,0
BRDA:1,16,0,0
BRDA:1,16,1,0
BRDA:1,17,0,0
BRDA:1,17,1,0
BRDA:1,18,0,0
BRDA:1,18,1,0
BRDA:1,19,0,0
BRDA:1,19,1,0
BRDA:22,20,0,0
BRDA:22,20,1,0
BRDA:50,21,0,0
BRDA:50,21,1,0
BRDA:73,22,0,0
BRDA:73,22,1,0
BRDA:73,23,0,0
BRDA:73,23,1,0
BRDA:77,24,0,0
BRDA:77,24,1,0
BRDA:93,25,0,0
BRDA:93,25,1,0
BRDA:100,26,0,0
BRDA:100,26,1,0
BRF:55
BRH:0
end_of_record
TN:
SF:/Users/zacrosenbauer/PhpstormProjects/MyProjects/terranova/src/Inner.jsx
FN:73,(anonymous_0)
FN:89,(anonymous_1)
FN:100,(anonymous_2)
FN:104,(anonymous_3)
FN:108,(anonymous_4)
FNF:5
FNH:3
FNDA:0,(anonymous_0)
FNDA:1,(anonymous_1)
FNDA:1,(anonymous_2)
FNDA:0,(anonymous_3)
FNDA:1,(anonymous_4)
DA:15,2
DA:80,0
DA:83,0
DA:86,0
DA:91,1
DA:101,1
DA:105,0
DA:109,1
LF:8
LH:4
BRF:0
BRH:0
end_of_record
TN:
SF:/Users/zacrosenbauer/PhpstormProjects/MyProjects/terranova/src/Outer.jsx
FN:10,getOuterStyles
FN:22,(anonymous_1)
FNF:2
FNH:2
FNDA:4,getOuterStyles
FNDA:4,(anonymous_1)
DA:11,4
DA:22,1
DA:28,4
DA:37,1
DA:39,1
LF:5
LH:5
BRF:0
BRH:0
end_of_record
TN:
SF:/Users/zacrosenbauer/PhpstormProjects/MyProjects/terranova/src/index.js
FN:1,(anonymous_0)
FN:1,(anonymous_1)
FN:5,_interopRequireDefault
FN:5,_interopRequireWildcard
FNF:4
FNH:0
FNDA:0,(anonymous_0)
FNDA:0,(anonymous_1)
FNDA:0,_interopRequireDefault
FNDA:0,_interopRequireWildcard
DA:1,0
DA:2,0
DA:3,0
DA:4,0
DA:5,0
DA:10,0
DA:11,0
DA:14,0
DA:17,0
DA:18,0
DA:19,0
DA:22,0
DA:23,0
DA:24,0
DA:25,0
DA:26,0
DA:27,0
DA:28,0
DA:29,0
DA:32,0
DA:33,0
DA:35,0
DA:38,0
LF:23
LH:0
BRDA:1,0,0,0
BRDA:1,0,1,0
BRDA:1,1,0,0
BRDA:1,1,1,0
BRDA:1,2,0,0
BRDA:1,2,1,0
BRDA:5,3,0,0
BRDA:5,3,1,0
BRDA:5,4,0,0
BRDA:5,4,1,0
BRDA:5,5,0,0
BRDA:5,5,1,0
BRDA:5,6,0,0
BRDA:5,6,1,0
BRDA:5,7,0,0
BRDA:5,7,1,0
BRDA:5,8,0,0
BRDA:5,8,1,0
BRF:18
BRH:0
end_of_record
TN:
SF:/Users/zacrosenbauer/PhpstormProjects/MyProjects/terranova/src/google/maps/Data.js
FN:16,(anonymous_0)
FNF:1
FNH:0
FNDA:0,(anonymous_0)
DA:11,4
DA:13,4
DA:14,4
DA:16,0
DA:17,0
LF:5
LH:3
BRDA:13,0,0,4
BRDA:13,0,1,0
BRDA:13,1,0,4
BRDA:13,1,1,4
BRF:4
BRH:3
end_of_record
TN:
SF:/Users/zacrosenbauer/PhpstormProjects/MyProjects/terranova/src/google/maps/LatLng.js
FN:16,(anonymous_0)
FNF:1
FNH:0
FNDA:0,(anonymous_0)
DA:11,2
DA:13,2
DA:14,2
DA:16,0
DA:17,0
LF:5
LH:3
BRDA:13,0,0,2
BRDA:13,0,1,0
BRDA:13,1,0,2
BRDA:13,1,1,2
BRF:4
BRH:3
end_of_record
TN:
SF:/Users/zacrosenbauer/PhpstormProjects/MyProjects/terranova/src/google/maps/LatLngBounds.js
FN:16,(anonymous_0)
FNF:1
FNH:0
FNDA:0,(anonymous_0)
DA:11,2
DA:13,2
DA:14,2
DA:16,0
DA:17,0
LF:5
LH:3
BRDA:13,0,0,2
BRDA:13,0,1,0
BRDA:13,1,0,2
BRDA:13,1,1,2
BRF:4
BRH:3
end_of_record
TN:
SF:/Users/zacrosenbauer/PhpstormProjects/MyProjects/terranova/src/google/maps/Map.js
FN:16,(anonymous_0)
FNF:1
FNH:0
FNDA:0,(anonymous_0)
DA:11,4
DA:13,4
DA:14,4
DA:16,0
DA:17,0
DA:18,0
LF:6
LH:3
BRDA:13,0,0,4
BRDA:13,0,1,0
BRDA:13,1,0,4
BRDA:13,1,1,4
BRF:4
BRH:3
end_of_record
TN:
SF:/Users/zacrosenbauer/PhpstormProjects/MyProjects/terranova/src/google/maps/Point.js
FN:1,(anonymous_0)
FN:1,(anonymous_1)
FN:1,_interopRequireDefault
FN:16,Point
FNF:4
FNH:0
FNDA:0,(anonymous_0)
FNDA:0,(anonymous_1)
FNDA:0,_interopRequireDefault
FNDA:0,Point
DA:1,0
DA:11,0
DA:13,0
DA:14,0
DA:16,0
DA:17,0
DA:19,0
LF:7
LH:0
BRDA:1,0,0,0
BRDA:1,0,1,0
BRDA:1,1,0,0
BRDA:1,1,1,0
BRDA:1,2,0,0
BRDA:1,2,1,0
BRDA:1,3,0,0
BRDA:1,3,1,0
BRDA:1,4,0,0
BRDA:1,4,1,0
BRDA:13,5,0,0
BRDA:13,5,1,0
BRDA:13,6,0,0
BRDA:13,6,1,0
BRF:14
BRH:0
end_of_record
TN:
SF:/Users/zacrosenbauer/PhpstormProjects/MyProjects/terranova/src/google/maps/index.js
FNF:0
FNH:0
DA:1,4
DA:10,4
DA:11,4
DA:13,0
LF:4
LH:3
BRDA:10,0,0,4
BRDA:10,0,1,0
BRDA:10,1,0,4
BRDA:10,1,1,4
BRDA:10,1,2,4
BRF:5
BRH:4
end_of_record
TN:
SF:/Users/zacrosenbauer/PhpstormProjects/MyProjects/terranova/src/utils/calculations.js
FN:1,(anonymous_0)
FN:1,(anonymous_1)
FN:31,_interopRequireDefault
FN:31,_toConsumableArray
FN:46,calculatePointWithScale
FN:52,latLngToPixel
FNF:6
FNH:0
FNDA:0,(anonymous_0)
FNDA:0,(anonymous_1)
FNDA:0,_interopRequireDefault
FNDA:0,_toConsumableArray
FNDA:0,calculatePointWithScale
FNDA:0,latLngToPixel
DA:1,0
DA:31,0
DA:46,0
DA:52,0
DA:53,0
LF:5
LH:0
BRDA:1,0,0,0
BRDA:1,0,1,0
BRDA:1,1,0,0
BRDA:1,1,1,0
BRDA:1,2,0,0
BRDA:1,2,1,0
BRDA:31,3,0,0
BRDA:31,3,1,0
BRDA:31,4,0,0
BRDA:31,4,1,0
BRDA:31,5,0,0
BRDA:31,5,1,0
BRF:12
BRH:0
end_of_record
TN:
SF:/Users/zacrosenbauer/PhpstormProjects/MyProjects/terranova/src/utils/events.js
FN:19,getEventNamespace
FN:27,ens
FN:39,dispatchMapEvent
FN:48,dispatch
FNF:4
FNH:4
FNDA:2,getEventNamespace
FNDA:1,ens
FNDA:2,dispatchMapEvent
FNDA:1,dispatch
DA:20,2
DA:28,1
DA:40,2
DA:49,1
LF:4
LH:4
BRF:0
BRH:0
end_of_record
TN:
SF:/Users/zacrosenbauer/PhpstormProjects/MyProjects/terranova/src/utils/features.js
FN:63,handleFeatureEvents
FN:64,(anonymous_1)
FN:65,(anonymous_2)
FN:83,getFeatureTypesByMapId
FN:96,getFeatureTypeByName
FN:109,getFeatureType
FN:122,getFeatureByMapId
FN:136,getFeatureState
FN:146,setFeatureState
FN:161,setFeatureType
FN:175,transformToValidFeature
FN:210,updateFeatures
FN:216,(anonymous_12)
FN:224,(anonymous_13)
FN:238,addFeatures
FN:240,(anonymous_15)
FN:254,getFeatureProperties
FN:261,(anonymous_17)
FN:276,getFeatureBounds
FN:279,(anonymous_19)
FN:282,(anonymous_20)
FNF:21
FNH:1
FNDA:0,handleFeatureEvents
FNDA:0,(anonymous_1)
FNDA:0,(anonymous_2)
FNDA:0,getFeatureTypesByMapId
FNDA:0,getFeatureTypeByName
FNDA:0,getFeatureType
FNDA:0,getFeatureByMapId
FNDA:0,getFeatureState
FNDA:0,setFeatureState
FNDA:0,setFeatureType
FNDA:0,transformToValidFeature
FNDA:1,updateFeatures
FNDA:0,(anonymous_12)
FNDA:0,(anonymous_13)
FNDA:0,addFeatures
FNDA:0,(anonymous_15)
FNDA:0,getFeatureProperties
FNDA:0,(anonymous_17)
FNDA:0,getFeatureBounds
FNDA:0,(anonymous_19)
FNDA:0,(anonymous_20)
DA:39,2
DA:45,2
DA:51,2
DA:64,0
DA:65,0
DA:66,0
DA:67,0
DA:68,0
DA:71,0
DA:74,0
DA:84,0
DA:85,0
DA:88,0
DA:97,0
DA:98,0
DA:101,0
DA:110,0
DA:111,0
DA:114,0
DA:123,0
DA:124,0
DA:127,0
DA:137,0
DA:147,0
DA:148,0
DA:162,0
DA:163,0
DA:176,0
DA:177,0
DA:179,0
DA:180,0
DA:191,0
DA:211,1
DA:215,1
DA:216,0
DA:217,0
DA:218,0
DA:224,1
DA:225,0
DA:226,0
DA:228,0
DA:239,0
DA:240,0
DA:241,0
DA:243,0
DA:244,0
DA:255,0
DA:257,0
DA:258,0
DA:261,0
DA:262,0
DA:263,0
DA:267,0
DA:277,0
DA:279,0
DA:280,0
DA:281,0
DA:282,0
DA:283,0
DA:286,0
DA:291,0
LF:61
LH:6
BRDA:84,0,0,0
BRDA:84,0,1,0
BRDA:88,1,0,0
BRDA:88,1,1,0
BRDA:97,2,0,0
BRDA:97,2,1,0
BRDA:101,3,0,0
BRDA:101,3,1,0
BRDA:110,4,0,0
BRDA:110,4,1,0
BRDA:123,5,0,0
BRDA:123,5,1,0
BRDA:147,6,0,0
BRDA:147,6,1,0
BRDA:162,7,0,0
BRDA:162,7,1,0
BRDA:179,8,0,0
BRDA:179,8,1,0
BRDA:210,9,0,0
BRDA:215,10,0,0
BRDA:215,10,1,1
BRDA:215,11,0,1
BRDA:215,11,1,0
BRDA:217,12,0,0
BRDA:217,12,1,0
BRDA:225,13,0,0
BRDA:225,13,1,0
BRDA:238,14,0,0
BRDA:239,15,0,0
BRDA:239,15,1,0
BRDA:257,16,0,0
BRDA:257,16,1,0
BRDA:262,17,0,0
BRDA:262,17,1,0
BRDA:280,18,0,0
BRDA:280,18,1,0
BRDA:281,19,0,0
BRDA:281,19,1,0
BRF:38
BRH:2
end_of_record
TN:
SF:/Users/zacrosenbauer/PhpstormProjects/MyProjects/terranova/src/utils/general.js
FN:12,isClient
FN:20,isServer
FNF:2
FNH:2
FNDA:13,isClient
FNDA:1,isServer
DA:13,13
DA:21,1
LF:2
LH:2
BRDA:21,0,0,1
BRDA:21,0,1,1
BRF:2
BRH:2
end_of_record
TN:
SF:/Users/zacrosenbauer/PhpstormProjects/MyProjects/terranova/src/utils/style.js
FN:31,getSetStyleIndex
FN:32,(anonymous_1)
FN:41,addStylesModifier
FN:59,removeStylesModifier
FN:74,getStylesModifiers
FN:87,clearStylesModifiers
FN:98,addStyles
FN:101,(anonymous_7)
FN:110,(anonymous_8)
FNF:9
FNH:0
FNDA:0,getSetStyleIndex
FNDA:0,(anonymous_1)
FNDA:0,addStylesModifier
FNDA:0,removeStylesModifier
FNDA:0,getStylesModifiers
FNDA:0,clearStylesModifiers
FNDA:0,addStyles
FNDA:0,(anonymous_7)
FNDA:0,(anonymous_8)
DA:32,0
DA:42,0
DA:43,0
DA:45,0
DA:46,0
DA:48,0
DA:60,0
DA:61,0
DA:63,0
DA:64,0
DA:75,0
DA:76,0
DA:79,0
DA:88,0
DA:89,0
DA:99,0
DA:101,0
DA:102,0
DA:107,0
DA:108,0
DA:109,0
DA:110,0
DA:111,0
DA:113,0
DA:114,0
DA:119,0
DA:120,0
DA:123,0
DA:124,0
DA:127,0
LF:30
LH:0
BRDA:42,0,0,0
BRDA:42,0,1,0
BRDA:45,1,0,0
BRDA:45,1,1,0
BRDA:60,2,0,0
BRDA:60,2,1,0
BRDA:63,3,0,0
BRDA:63,3,1,0
BRDA:75,4,0,0
BRDA:75,4,1,0
BRDA:88,5,0,0
BRDA:88,5,1,0
BRDA:109,6,0,0
BRDA:109,6,1,0
BRDA:113,7,0,0
BRDA:113,7,1,0
BRDA:119,8,0,0
BRDA:119,8,1,0
BRDA:123,9,0,0
BRDA:123,9,1,0
BRF:20
BRH:0
end_of_record
TN:
SF:/Users/zacrosenbauer/PhpstormProjects/MyProjects/terranova/src/utils/terra.js
FN:78,terraExists
FN:89,getTerraById
FN:101,getMapById
FN:113,getDataById
FN:132,createTerra
FN:154,destroyTerra
FNF:6
FNH:6
FNDA:14,terraExists
FNDA:5,getTerraById
FNDA:4,getMapById
FNDA:3,getDataById
FNDA:13,createTerra
FNDA:13,destroyTerra
DA:48,4
DA:68,4
DA:79,14
DA:90,5
DA:91,3
DA:94,2
DA:102,4
DA:103,3
DA:106,1
DA:114,3
DA:115,2
DA:118,1
DA:133,13
DA:134,1
DA:137,12
DA:139,12
DA:140,12
DA:145,12
DA:155,13
DA:156,12
LF:20
LH:20
BRDA:90,0,0,3
BRDA:90,0,1,2
BRDA:102,1,0,3
BRDA:102,1,1,1
BRDA:114,2,0,2
BRDA:114,2,1,1
BRDA:132,3,0,13
BRDA:132,4,0,13
BRDA:132,5,0,13
BRDA:133,6,0,1
BRDA:133,6,1,12
BRDA:139,7,0,12
BRDA:139,7,1,0
BRDA:155,8,0,12
BRDA:155,8,1,1
BRF:15
BRH:14
end_of_record
